15.7373 	EXP 	Created window1 = Window(allowGUI=True, allowStencil=False, autoLog=True, backendConf=UNKNOWN, backgroundFit=<method-wrapper '__getattribute__' of attributeSetter object at 0x00000230C7723CA0>, backgroundImage=<method-wrapper '__getattribute__' of attributeSetter object at 0x00000230C7723C40>, bitsMode=UNKNOWN, blendMode='avg', bpc=(8, 8, 8), color=array([0, 0, 0]), colorSpace='rgb', depthBits=8, fullscr=<method-wrapper '__getattribute__' of attributeSetter object at 0x00000230C7723AC0>, gamma=None, gammaErrorPolicy='raise', lms=UNKNOWN, monitor=<psychopy.monitors.calibTools.Monitor object at 0x00000230C7C7E8B0>, multiSample=False, name='window1', numSamples=2, pos=(0, 0), screen=0, size=array([1920, 1080]), stencilBits=0, stereo=False, title='PsychoPy', units='height', useFBO=True, useRetina=False, viewOri=0.0, viewPos=None, viewScale=None, waitBlanking=True, winType='pyglet')
15.7374 	EXP 	window1: mouseVisible = True
15.7374 	EXP 	window1: backgroundImage = ''
15.7374 	EXP 	window1: backgroundFit = 'none'
15.7397 	EXP 	window1: Attempting to measure frame rate of screen (0) ...
15.7397 	EXP 	window1: recordFrameIntervals = False
15.9036 	EXP 	window1: recordFrameIntervals = True
16.0037 	WARNING 	t of last frame was 66.81ms (=1/14)
16.1703 	EXP 	Screen (0) actual frame rate measured at 60.06Hz
16.1704 	EXP 	window1: recordFrameIntervals = False
16.1704 	EXP 	window1: mouseVisible = False
19.6059 	EXP 	2024_RDpaindiscrimination_QUEST: status = STARTED
20.2191 	CRITICAL 	The QUEST+ staircase implementation is currently being tested and may be subject to change.
20.7541 	EXP 	window1: mouseVisible = True
20.7643 	EXP 	Created polygon = Circle(__class__=<class 'psychopy.visual.circle.Circle'>, anchor=('center', 'center'), autoDraw=False, autoLog=True, closeShape=True, color=method-wrapper(...), colorSpace='rgb', contrast=None, depth=-1.0, draggable=False, fillColor=array([1, 1, 1]), fillColorSpace='rgb', fillRGB=array([1, 1, 1]), interpolate=True, lineColor=array([1., 1., 1.]), lineColorSpace='rgb', lineRGB=array([1, 1, 1]), lineWidth=1.0, name='polygon', opacity=1.0, ori=0.0, pos=array([0., 0.]), size=array([0.5, 0.5]), units='height', vertices=ndarray(...), win=Window(...))
20.7685 	EXP 	window1: mouseVisible = True
20.7768 	EXP 	Created polygon_1_black = Circle(__class__=<class 'psychopy.visual.circle.Circle'>, anchor=('center', 'center'), autoDraw=False, autoLog=True, closeShape=True, color=method-wrapper(...), colorSpace='rgb', contrast=None, depth=-1.0, draggable=False, fillColor=array([-0.5, -0.5, -0.5]), fillColorSpace='rgb', fillRGB=array([-0.5, -0.5, -0.5]), interpolate=True, lineColor=array([-0.5, -0.5, -0.5]), lineColorSpace='rgb', lineRGB=array([-0.5, -0.5, -0.5]), lineWidth=1.0, name='polygon_1_black', opacity=1.0, ori=0.0, pos=array([0., 0.]), size=array([0.4, 0.4]), units='height', vertices=ndarray(...), win=Window(...))
20.7771 	EXP 	window1: mouseVisible = True
20.9021 	EXP 	Created text_bonjour = TextStim(__class__=<class 'psychopy.visual.text.TextStim'>, alignHoriz=method-wrapper(...), alignText='center', alignVert=method-wrapper(...), anchorHoriz='center', anchorVert='center', antialias=True, autoDraw=False, autoLog=True, bold=False, color=array([1., 1., 1.]), colorSpace='rgb', contrast=1.0, depth=-1.0, draggable=False, flipHoriz=False, flipVert=False, font='Open Sans', fontFiles=[], height=0.05, italic=False, languageStyle='LTR', name='text_bonjour', opacity=1.0, ori=0.0, pos=array([0., 0.]), rgb=UNKNOWN, text=str(...), units='height', win=Window(...), wrapWidth=1)
20.9023 	EXP 	window1: mouseVisible = True
20.9044 	EXP 	Created text_pic = TextStim(__class__=<class 'psychopy.visual.text.TextStim'>, alignHoriz=method-wrapper(...), alignText='center', alignVert=method-wrapper(...), anchorHoriz='center', anchorVert='center', antialias=True, autoDraw=False, autoLog=True, bold=False, color=array([1., 1., 1.]), colorSpace='rgb', contrast=1.0, depth=-1.0, draggable=False, flipHoriz=False, flipVert=False, font='Open Sans', fontFiles=[], height=0.02, italic=False, languageStyle='LTR', name='text_pic', opacity=1.0, ori=0.0, pos=array([-0.7 , -0.45]), rgb=UNKNOWN, text='', units='height', win=Window(...), wrapWidth=1)
20.9045 	EXP 	window1: mouseVisible = True
20.9117 	EXP 	Created croix_3 = TextStim(__class__=<class 'psychopy.visual.text.TextStim'>, alignHoriz=method-wrapper(...), alignText='center', alignVert=method-wrapper(...), anchorHoriz='center', anchorVert='center', antialias=True, autoDraw=False, autoLog=True, bold=False, color=array([1., 1., 1.]), colorSpace='rgb', contrast=1.0, depth=-2.0, draggable=False, flipHoriz=False, flipVert=False, font='Open Sans', fontFiles=[], height=0.2, italic=False, languageStyle='LTR', name='croix_3', opacity=1.0, ori=0.0, pos=array([0., 0.]), rgb=UNKNOWN, text='+', units='height', win=Window(...), wrapWidth=1)
20.9118 	EXP 	window1: mouseVisible = True
20.9135 	EXP 	Created thermode_locali_pic = TextStim(__class__=<class 'psychopy.visual.text.TextStim'>, alignHoriz=method-wrapper(...), alignText='center', alignVert=method-wrapper(...), anchorHoriz='center', anchorVert='center', antialias=True, autoDraw=False, autoLog=True, bold=False, color=array([1., 1., 1.]), colorSpace='rgb', contrast=1.0, depth=-1.0, draggable=False, flipHoriz=False, flipVert=False, font='Open Sans', fontFiles=[], height=0.02, italic=False, languageStyle='LTR', name='thermode_locali_pic', opacity=1.0, ori=0.0, pos=array([-0.7 , -0.45]), rgb=UNKNOWN, text='', units='height', win=Window(...), wrapWidth=1)
20.9136 	EXP 	window1: mouseVisible = True
20.9157 	EXP 	Created responsel = TextStim(__class__=<class 'psychopy.visual.text.TextStim'>, alignHoriz=method-wrapper(...), alignText='center', alignVert=method-wrapper(...), anchorHoriz='center', anchorVert='center', antialias=True, autoDraw=False, autoLog=True, bold=False, color=array([1., 1., 1.]), colorSpace='rgb', contrast=1.0, depth=-3.0, draggable=False, flipHoriz=False, flipVert=False, font='Open Sans', fontFiles=[], height=0.08, italic=False, languageStyle='LTR', name='responsel', opacity=1.0, ori=0.0, pos=array([0., 0.]), rgb=UNKNOWN, text='', units='height', win=Window(...), wrapWidth=1)
20.9158 	EXP 	window1: mouseVisible = True
20.9320 	EXP 	Created percu_or = TextStim(__class__=<class 'psychopy.visual.text.TextStim'>, alignHoriz=method-wrapper(...), alignText='center', alignVert=method-wrapper(...), anchorHoriz='center', anchorVert='center', antialias=True, autoDraw=False, autoLog=True, bold=False, color=array([1., 1., 1.]), colorSpace='rgb', contrast=1.0, depth=-4.0, draggable=False, flipHoriz=False, flipVert=False, font='Open Sans', fontFiles=[], height=0.05, italic=False, languageStyle='LTR', name='percu_or', opacity=1.0, ori=0.0, pos=array([0. , 0.3]), rgb=UNKNOWN, text='Avez-vous perçu un changement?', units='height', win=Window(...), wrapWidth=1)
20.9321 	EXP 	window1: mouseVisible = True
20.9407 	EXP 	Created responser = TextStim(__class__=<class 'psychopy.visual.text.TextStim'>, alignHoriz=method-wrapper(...), alignText='center', alignVert=method-wrapper(...), anchorHoriz='center', anchorVert='center', antialias=True, autoDraw=False, autoLog=True, bold=False, color=array([1., 1., 1.]), colorSpace='rgb', contrast=1.0, depth=-5.0, draggable=False, flipHoriz=False, flipVert=False, font='Open Sans', fontFiles=[], height=0.08, italic=False, languageStyle='LTR', name='responser', opacity=1.0, ori=0.0, pos=array([0., 0.]), rgb=UNKNOWN, text='              NON', units='height', win=Window(...), wrapWidth=1)
20.9408 	EXP 	window1: mouseVisible = True
20.9490 	EXP 	Created text = TextStim(__class__=<class 'psychopy.visual.text.TextStim'>, alignHoriz=method-wrapper(...), alignText='center', alignVert=method-wrapper(...), anchorHoriz='center', anchorVert='center', antialias=True, autoDraw=False, autoLog=True, bold=False, color=array([1., 1., 1.]), colorSpace='rgb', contrast=1.0, depth=0.0, draggable=False, flipHoriz=False, flipVert=False, font='Open Sans', fontFiles=[], height=0.05, italic=False, languageStyle='LTR', name='text', opacity=1.0, ori=0.0, pos=array([0., 0.]), rgb=UNKNOWN, text='Calibration terminée.', units='height', win=Window(...), wrapWidth=1)
0.0049 	EXP 	window1: mouseVisible = False
0.0213 	EXP 	text_bonjour: autoDraw = True
36.1738 	EXP 	Created sequence: sequential, trialTypes=1, nReps=21, seed=None
36.1741 	EXP 	New trial (rep=0, index=0): None
36.1836 	DATA 	Keypress: p
36.1888 	EXP 	text_bonjour: autoDraw = False
36.1888 	EXP 	text_pic: autoDraw = True
36.1888 	EXP 	croix_3: autoDraw = True
41.2057 	EXP 	text_pic: autoDraw = False
41.2057 	EXP 	croix_3: autoDraw = False
41.2057 	EXP 	text_pic: autoDraw = False
41.2057 	EXP 	croix_3: autoDraw = False
41.2057 	EXP 	thermode_locali_pic: height = 0.02
41.2057 	EXP 	thermode_locali_pic: height = 0.02
41.2057 	EXP 	thermode_locali_pic: height = 0.02
41.2057 	EXP 	thermode_locali_pic: text = 'T : 0'
41.2057 	EXP 	responsel: height = 0.08
41.2057 	EXP 	responsel: height = 0.08
41.2057 	EXP 	responsel: height = 0.08
41.2057 	EXP 	responsel: text = 'OUI              '
41.2057 	EXP 	thermode_locali_pic: autoDraw = True
48.6725 	EXP 	responsel: autoDraw = True
48.6725 	EXP 	percu_or: autoDraw = True
48.6725 	EXP 	responser: autoDraw = True
51.0936 	DATA 	Keypress: n
51.1225 	EXP 	responser: foreColor = (0, 0, 0)
51.1392 	EXP 	responser: foreColor = (0, 0, 0)
51.1558 	EXP 	responser: foreColor = (0, 0, 0)
51.1725 	EXP 	responser: foreColor = (0, 0, 0)
51.1892 	EXP 	responser: foreColor = (0, 0, 0)
51.2058 	EXP 	responser: foreColor = (0, 0, 0)
51.2225 	EXP 	responser: foreColor = (0, 0, 0)
51.2392 	EXP 	responser: foreColor = (0, 0, 0)
51.2559 	EXP 	responser: foreColor = (0, 0, 0)
51.2725 	EXP 	responser: foreColor = (0, 0, 0)
51.2892 	EXP 	responser: foreColor = (0, 0, 0)
51.3059 	EXP 	responser: foreColor = (0, 0, 0)
51.3225 	EXP 	responser: foreColor = (0, 0, 0)
51.3392 	EXP 	responser: foreColor = (0, 0, 0)
51.3559 	EXP 	responser: foreColor = (0, 0, 0)
51.3725 	EXP 	responser: foreColor = (0, 0, 0)
51.3892 	EXP 	responser: foreColor = (0, 0, 0)
51.4059 	EXP 	responser: foreColor = (0, 0, 0)
51.4059 	EXP 	thermode_locali_pic: autoDraw = False
51.4225 	EXP 	responser: foreColor = (0, 0, 0)
51.4392 	EXP 	responser: foreColor = (0, 0, 0)
51.4559 	EXP 	responser: foreColor = (0, 0, 0)
51.4725 	EXP 	responser: foreColor = (0, 0, 0)
51.4892 	EXP 	responser: foreColor = (0, 0, 0)
51.5059 	EXP 	responser: foreColor = (0, 0, 0)
51.5225 	EXP 	responser: foreColor = (0, 0, 0)
51.5392 	EXP 	responser: foreColor = (0, 0, 0)
51.5559 	EXP 	responser: foreColor = (0, 0, 0)
51.5725 	EXP 	responser: foreColor = (0, 0, 0)
51.5892 	EXP 	responser: foreColor = (0, 0, 0)
51.6059 	EXP 	responser: foreColor = (0, 0, 0)
51.6225 	EXP 	responser: foreColor = (0, 0, 0)
51.6392 	EXP 	responser: foreColor = (0, 0, 0)
51.6559 	EXP 	responser: foreColor = (0, 0, 0)
51.6614 	EXP 	New trial (rep=1, index=0): None
51.6725 	EXP 	responser: foreColor = (0, 0, 0)
51.6725 	EXP 	responsel: autoDraw = False
51.6725 	EXP 	percu_or: autoDraw = False
51.6725 	EXP 	responser: autoDraw = False
51.6725 	EXP 	thermode_locali_pic: autoDraw = False
51.6725 	EXP 	responsel: autoDraw = False
51.6725 	EXP 	percu_or: autoDraw = False
51.6725 	EXP 	responser: autoDraw = False
51.6725 	EXP 	responsel: foreColor = 'white'
51.6725 	EXP 	responser: foreColor = 'white'
51.6725 	EXP 	text_pic: autoDraw = True
51.6725 	EXP 	croix_3: autoDraw = True
56.6893 	EXP 	text_pic: autoDraw = False
56.6893 	EXP 	croix_3: autoDraw = False
56.6893 	EXP 	text_pic: autoDraw = False
56.6893 	EXP 	croix_3: autoDraw = False
56.6893 	EXP 	thermode_locali_pic: height = 0.02
56.6893 	EXP 	thermode_locali_pic: height = 0.02
56.6893 	EXP 	thermode_locali_pic: height = 0.02
56.6893 	EXP 	thermode_locali_pic: text = 'T : 1'
56.6893 	EXP 	responsel: text = 'OUI              '
56.6893 	EXP 	thermode_locali_pic: autoDraw = True
64.1728 	EXP 	responsel: autoDraw = True
64.1728 	EXP 	percu_or: autoDraw = True
64.1728 	EXP 	responser: autoDraw = True
66.3277 	DATA 	Keypress: n
66.3729 	EXP 	responser: foreColor = (0, 0, 0)
66.3896 	EXP 	responser: foreColor = (0, 0, 0)
66.4062 	EXP 	responser: foreColor = (0, 0, 0)
66.4229 	EXP 	responser: foreColor = (0, 0, 0)
66.4395 	EXP 	responser: foreColor = (0, 0, 0)
66.4562 	EXP 	responser: foreColor = (0, 0, 0)
66.4729 	EXP 	responser: foreColor = (0, 0, 0)
66.4896 	EXP 	responser: foreColor = (0, 0, 0)
66.5062 	EXP 	responser: foreColor = (0, 0, 0)
66.5229 	EXP 	responser: foreColor = (0, 0, 0)
66.5395 	EXP 	responser: foreColor = (0, 0, 0)
66.5562 	EXP 	responser: foreColor = (0, 0, 0)
66.5729 	EXP 	responser: foreColor = (0, 0, 0)
66.5896 	EXP 	responser: foreColor = (0, 0, 0)
66.6062 	EXP 	responser: foreColor = (0, 0, 0)
66.6229 	EXP 	responser: foreColor = (0, 0, 0)
66.6395 	EXP 	responser: foreColor = (0, 0, 0)
66.6562 	EXP 	responser: foreColor = (0, 0, 0)
66.6729 	EXP 	responser: foreColor = (0, 0, 0)
66.6896 	EXP 	responser: foreColor = (0, 0, 0)
66.7062 	EXP 	responser: foreColor = (0, 0, 0)
66.7229 	EXP 	responser: foreColor = (0, 0, 0)
66.7395 	EXP 	responser: foreColor = (0, 0, 0)
66.7562 	EXP 	responser: foreColor = (0, 0, 0)
66.7729 	EXP 	responser: foreColor = (0, 0, 0)
66.7895 	EXP 	responser: foreColor = (0, 0, 0)
66.8062 	EXP 	responser: foreColor = (0, 0, 0)
66.8229 	EXP 	responser: foreColor = (0, 0, 0)
66.8396 	EXP 	responser: foreColor = (0, 0, 0)
66.8562 	EXP 	responser: foreColor = (0, 0, 0)
66.8729 	EXP 	responser: foreColor = (0, 0, 0)
66.8896 	EXP 	responser: foreColor = (0, 0, 0)
66.8896 	EXP 	thermode_locali_pic: autoDraw = False
66.9062 	EXP 	responser: foreColor = (0, 0, 0)
66.9229 	EXP 	responser: foreColor = (0, 0, 0)
66.9396 	EXP 	responser: foreColor = (0, 0, 0)
66.9562 	EXP 	responser: foreColor = (0, 0, 0)
66.9729 	EXP 	responser: foreColor = (0, 0, 0)
66.9896 	EXP 	responser: foreColor = (0, 0, 0)
67.0062 	EXP 	responser: foreColor = (0, 0, 0)
67.0229 	EXP 	responser: foreColor = (0, 0, 0)
67.0396 	EXP 	responser: foreColor = (0, 0, 0)
67.0562 	EXP 	responser: foreColor = (0, 0, 0)
67.0729 	EXP 	responser: foreColor = (0, 0, 0)
67.0895 	EXP 	responser: foreColor = (0, 0, 0)
67.1062 	EXP 	responser: foreColor = (0, 0, 0)
67.1229 	EXP 	responser: foreColor = (0, 0, 0)
67.1396 	EXP 	responser: foreColor = (0, 0, 0)
67.1562 	EXP 	responser: foreColor = (0, 0, 0)
67.1629 	EXP 	New trial (rep=2, index=0): None
67.1896 	EXP 	responser: foreColor = (0, 0, 0)
67.1896 	EXP 	responsel: autoDraw = False
67.1896 	EXP 	percu_or: autoDraw = False
67.1896 	EXP 	responser: autoDraw = False
67.1896 	EXP 	thermode_locali_pic: autoDraw = False
67.1896 	EXP 	responsel: autoDraw = False
67.1896 	EXP 	percu_or: autoDraw = False
67.1896 	EXP 	responser: autoDraw = False
67.1896 	EXP 	responsel: foreColor = 'white'
67.1896 	EXP 	responser: foreColor = 'white'
67.1896 	EXP 	text_pic: autoDraw = True
67.1896 	EXP 	croix_3: autoDraw = True
72.2064 	EXP 	text_pic: autoDraw = False
72.2064 	EXP 	croix_3: autoDraw = False
72.2064 	EXP 	thermode_locali_pic: height = 0.02
72.2064 	EXP 	thermode_locali_pic: height = 0.02
72.2064 	EXP 	thermode_locali_pic: height = 0.02
72.2064 	EXP 	thermode_locali_pic: text = 'T : 2'
72.2064 	EXP 	responsel: text = 'OUI              '
72.2064 	EXP 	thermode_locali_pic: autoDraw = True
79.6732 	EXP 	responsel: autoDraw = True
79.6732 	EXP 	percu_or: autoDraw = True
79.6732 	EXP 	responser: autoDraw = True
81.9610 	DATA 	Keypress: n
81.9899 	EXP 	responser: foreColor = (0, 0, 0)
82.0066 	EXP 	responser: foreColor = (0, 0, 0)
82.0232 	EXP 	responser: foreColor = (0, 0, 0)
82.0399 	EXP 	responser: foreColor = (0, 0, 0)
82.0566 	EXP 	responser: foreColor = (0, 0, 0)
82.0732 	EXP 	responser: foreColor = (0, 0, 0)
82.0899 	EXP 	responser: foreColor = (0, 0, 0)
82.1066 	EXP 	responser: foreColor = (0, 0, 0)
82.1232 	EXP 	responser: foreColor = (0, 0, 0)
82.1399 	EXP 	responser: foreColor = (0, 0, 0)
82.1566 	EXP 	responser: foreColor = (0, 0, 0)
82.1733 	EXP 	responser: foreColor = (0, 0, 0)
82.1899 	EXP 	responser: foreColor = (0, 0, 0)
82.2066 	EXP 	responser: foreColor = (0, 0, 0)
82.2232 	EXP 	responser: foreColor = (0, 0, 0)
82.2399 	EXP 	responser: foreColor = (0, 0, 0)
82.2566 	EXP 	responser: foreColor = (0, 0, 0)
82.2732 	EXP 	responser: foreColor = (0, 0, 0)
82.2899 	EXP 	responser: foreColor = (0, 0, 0)
82.3066 	EXP 	responser: foreColor = (0, 0, 0)
82.3232 	EXP 	responser: foreColor = (0, 0, 0)
82.3399 	EXP 	responser: foreColor = (0, 0, 0)
82.3566 	EXP 	responser: foreColor = (0, 0, 0)
82.3733 	EXP 	responser: foreColor = (0, 0, 0)
82.3899 	EXP 	responser: foreColor = (0, 0, 0)
82.4066 	EXP 	responser: foreColor = (0, 0, 0)
82.4066 	EXP 	thermode_locali_pic: autoDraw = False
82.4233 	EXP 	responser: foreColor = (0, 0, 0)
82.4399 	EXP 	responser: foreColor = (0, 0, 0)
82.4566 	EXP 	responser: foreColor = (0, 0, 0)
82.4733 	EXP 	responser: foreColor = (0, 0, 0)
82.4899 	EXP 	responser: foreColor = (0, 0, 0)
82.5066 	EXP 	responser: foreColor = (0, 0, 0)
82.5233 	EXP 	responser: foreColor = (0, 0, 0)
82.5399 	EXP 	responser: foreColor = (0, 0, 0)
82.5566 	EXP 	responser: foreColor = (0, 0, 0)
82.5733 	EXP 	responser: foreColor = (0, 0, 0)
82.5899 	EXP 	responser: foreColor = (0, 0, 0)
82.6066 	EXP 	responser: foreColor = (0, 0, 0)
82.6233 	EXP 	responser: foreColor = (0, 0, 0)
82.6399 	EXP 	responser: foreColor = (0, 0, 0)
82.6566 	EXP 	responser: foreColor = (0, 0, 0)
82.6631 	EXP 	New trial (rep=3, index=0): None
82.6733 	EXP 	responser: foreColor = (0, 0, 0)
82.6733 	EXP 	responsel: autoDraw = False
82.6733 	EXP 	percu_or: autoDraw = False
82.6733 	EXP 	responser: autoDraw = False
82.6733 	EXP 	thermode_locali_pic: autoDraw = False
82.6733 	EXP 	responsel: autoDraw = False
82.6733 	EXP 	percu_or: autoDraw = False
82.6733 	EXP 	responser: autoDraw = False
82.6733 	EXP 	responsel: foreColor = 'white'
82.6733 	EXP 	responser: foreColor = 'white'
82.6733 	EXP 	text_pic: autoDraw = True
82.6733 	EXP 	croix_3: autoDraw = True
87.6902 	EXP 	text_pic: autoDraw = False
87.6902 	EXP 	croix_3: autoDraw = False
87.6902 	EXP 	text_pic: autoDraw = False
87.6902 	EXP 	croix_3: autoDraw = False
87.6902 	EXP 	thermode_locali_pic: height = 0.02
87.6902 	EXP 	thermode_locali_pic: height = 0.02
87.6902 	EXP 	thermode_locali_pic: height = 0.02
87.6902 	EXP 	thermode_locali_pic: text = 'T : 3'
87.6902 	EXP 	responsel: text = 'OUI              '
87.6902 	EXP 	thermode_locali_pic: autoDraw = True
95.1736 	EXP 	responsel: autoDraw = True
95.1736 	EXP 	percu_or: autoDraw = True
95.1736 	EXP 	responser: autoDraw = True
97.2448 	DATA 	Keypress: m
97.2736 	EXP 	responsel: foreColor = (0, 0, 0)
97.2903 	EXP 	responsel: foreColor = (0, 0, 0)
97.3070 	EXP 	responsel: foreColor = (0, 0, 0)
97.3236 	EXP 	responsel: foreColor = (0, 0, 0)
97.3403 	EXP 	responsel: foreColor = (0, 0, 0)
97.3570 	EXP 	responsel: foreColor = (0, 0, 0)
97.3736 	EXP 	responsel: foreColor = (0, 0, 0)
97.3903 	EXP 	responsel: foreColor = (0, 0, 0)
97.4069 	EXP 	responsel: foreColor = (0, 0, 0)
97.4236 	EXP 	responsel: foreColor = (0, 0, 0)
97.4403 	EXP 	responsel: foreColor = (0, 0, 0)
97.4569 	EXP 	responsel: foreColor = (0, 0, 0)
97.4736 	EXP 	responsel: foreColor = (0, 0, 0)
97.4903 	EXP 	responsel: foreColor = (0, 0, 0)
97.5069 	EXP 	responsel: foreColor = (0, 0, 0)
97.5236 	EXP 	responsel: foreColor = (0, 0, 0)
97.5403 	EXP 	responsel: foreColor = (0, 0, 0)
97.5569 	EXP 	responsel: foreColor = (0, 0, 0)
97.5736 	EXP 	responsel: foreColor = (0, 0, 0)
97.5903 	EXP 	responsel: foreColor = (0, 0, 0)
97.6070 	EXP 	responsel: foreColor = (0, 0, 0)
97.6236 	EXP 	responsel: foreColor = (0, 0, 0)
97.6403 	EXP 	responsel: foreColor = (0, 0, 0)
97.6569 	EXP 	responsel: foreColor = (0, 0, 0)
97.6736 	EXP 	responsel: foreColor = (0, 0, 0)
97.6903 	EXP 	responsel: foreColor = (0, 0, 0)
97.7069 	EXP 	responsel: foreColor = (0, 0, 0)
97.7236 	EXP 	responsel: foreColor = (0, 0, 0)
97.7403 	EXP 	responsel: foreColor = (0, 0, 0)
97.7569 	EXP 	responsel: foreColor = (0, 0, 0)
97.7736 	EXP 	responsel: foreColor = (0, 0, 0)
97.7903 	EXP 	responsel: foreColor = (0, 0, 0)
97.8070 	EXP 	responsel: foreColor = (0, 0, 0)
97.8236 	EXP 	responsel: foreColor = (0, 0, 0)
97.8403 	EXP 	responsel: foreColor = (0, 0, 0)
97.8569 	EXP 	responsel: foreColor = (0, 0, 0)
97.8736 	EXP 	responsel: foreColor = (0, 0, 0)
97.8903 	EXP 	responsel: foreColor = (0, 0, 0)
97.8903 	EXP 	thermode_locali_pic: autoDraw = False
97.9070 	EXP 	responsel: foreColor = (0, 0, 0)
97.9236 	EXP 	responsel: foreColor = (0, 0, 0)
97.9403 	EXP 	responsel: foreColor = (0, 0, 0)
97.9570 	EXP 	responsel: foreColor = (0, 0, 0)
97.9736 	EXP 	responsel: foreColor = (0, 0, 0)
97.9903 	EXP 	responsel: foreColor = (0, 0, 0)
98.0070 	EXP 	responsel: foreColor = (0, 0, 0)
98.0236 	EXP 	responsel: foreColor = (0, 0, 0)
98.0403 	EXP 	responsel: foreColor = (0, 0, 0)
98.0570 	EXP 	responsel: foreColor = (0, 0, 0)
98.0736 	EXP 	responsel: foreColor = (0, 0, 0)
98.0903 	EXP 	responsel: foreColor = (0, 0, 0)
98.1070 	EXP 	responsel: foreColor = (0, 0, 0)
98.1236 	EXP 	responsel: foreColor = (0, 0, 0)
98.1403 	EXP 	responsel: foreColor = (0, 0, 0)
98.1570 	EXP 	responsel: foreColor = (0, 0, 0)
98.1627 	EXP 	New trial (rep=4, index=0): None
98.1736 	EXP 	responsel: foreColor = (0, 0, 0)
98.1736 	EXP 	responsel: autoDraw = False
98.1736 	EXP 	percu_or: autoDraw = False
98.1736 	EXP 	responser: autoDraw = False
98.1736 	EXP 	thermode_locali_pic: autoDraw = False
98.1736 	EXP 	responsel: autoDraw = False
98.1736 	EXP 	percu_or: autoDraw = False
98.1736 	EXP 	responser: autoDraw = False
98.1736 	EXP 	responsel: foreColor = 'white'
98.1736 	EXP 	responser: foreColor = 'white'
98.1736 	EXP 	text_pic: autoDraw = True
98.1736 	EXP 	croix_3: autoDraw = True
103.1904 	EXP 	text_pic: autoDraw = False
103.1904 	EXP 	croix_3: autoDraw = False
103.1904 	EXP 	text_pic: autoDraw = False
103.1904 	EXP 	croix_3: autoDraw = False
103.1904 	EXP 	thermode_locali_pic: height = 0.02
103.1904 	EXP 	thermode_locali_pic: height = 0.02
103.1904 	EXP 	thermode_locali_pic: height = 0.02
103.1904 	EXP 	thermode_locali_pic: text = 'T : 0'
103.1904 	EXP 	responsel: text = 'OUI              '
103.1904 	EXP 	thermode_locali_pic: autoDraw = True
110.6739 	EXP 	responsel: autoDraw = True
110.6739 	EXP 	percu_or: autoDraw = True
110.6739 	EXP 	responser: autoDraw = True
112.2950 	DATA 	Keypress: n
112.3240 	EXP 	responser: foreColor = (0, 0, 0)
112.3406 	EXP 	responser: foreColor = (0, 0, 0)
112.3573 	EXP 	responser: foreColor = (0, 0, 0)
112.3740 	EXP 	responser: foreColor = (0, 0, 0)
112.3906 	EXP 	responser: foreColor = (0, 0, 0)
112.4073 	EXP 	responser: foreColor = (0, 0, 0)
112.4239 	EXP 	responser: foreColor = (0, 0, 0)
112.4406 	EXP 	responser: foreColor = (0, 0, 0)
112.4573 	EXP 	responser: foreColor = (0, 0, 0)
112.4740 	EXP 	responser: foreColor = (0, 0, 0)
112.4906 	EXP 	responser: foreColor = (0, 0, 0)
112.5073 	EXP 	responser: foreColor = (0, 0, 0)
112.5240 	EXP 	responser: foreColor = (0, 0, 0)
112.5406 	EXP 	responser: foreColor = (0, 0, 0)
112.5573 	EXP 	responser: foreColor = (0, 0, 0)
112.5740 	EXP 	responser: foreColor = (0, 0, 0)
112.5906 	EXP 	responser: foreColor = (0, 0, 0)
112.6073 	EXP 	responser: foreColor = (0, 0, 0)
112.6240 	EXP 	responser: foreColor = (0, 0, 0)
112.6406 	EXP 	responser: foreColor = (0, 0, 0)
112.6573 	EXP 	responser: foreColor = (0, 0, 0)
112.6740 	EXP 	responser: foreColor = (0, 0, 0)
112.6906 	EXP 	responser: foreColor = (0, 0, 0)
112.7073 	EXP 	responser: foreColor = (0, 0, 0)
112.7240 	EXP 	responser: foreColor = (0, 0, 0)
112.7406 	EXP 	responser: foreColor = (0, 0, 0)
112.7573 	EXP 	responser: foreColor = (0, 0, 0)
112.7740 	EXP 	responser: foreColor = (0, 0, 0)
112.7906 	EXP 	responser: foreColor = (0, 0, 0)
112.8073 	EXP 	responser: foreColor = (0, 0, 0)
112.8240 	EXP 	responser: foreColor = (0, 0, 0)
112.8406 	EXP 	responser: foreColor = (0, 0, 0)
112.8573 	EXP 	responser: foreColor = (0, 0, 0)
112.8740 	EXP 	responser: foreColor = (0, 0, 0)
112.8906 	EXP 	responser: foreColor = (0, 0, 0)
112.9073 	EXP 	responser: foreColor = (0, 0, 0)
112.9240 	EXP 	responser: foreColor = (0, 0, 0)
112.9407 	EXP 	responser: foreColor = (0, 0, 0)
112.9573 	EXP 	responser: foreColor = (0, 0, 0)
112.9740 	EXP 	responser: foreColor = (0, 0, 0)
112.9906 	EXP 	responser: foreColor = (0, 0, 0)
113.0073 	EXP 	responser: foreColor = (0, 0, 0)
113.0240 	EXP 	responser: foreColor = (0, 0, 0)
113.0407 	EXP 	responser: foreColor = (0, 0, 0)
113.0573 	EXP 	responser: foreColor = (0, 0, 0)
113.0740 	EXP 	responser: foreColor = (0, 0, 0)
113.0907 	EXP 	responser: foreColor = (0, 0, 0)
113.1073 	EXP 	responser: foreColor = (0, 0, 0)
113.1240 	EXP 	responser: foreColor = (0, 0, 0)
113.1407 	EXP 	responser: foreColor = (0, 0, 0)
113.1573 	EXP 	responser: foreColor = (0, 0, 0)
113.1740 	EXP 	responser: foreColor = (0, 0, 0)
113.1907 	EXP 	responser: foreColor = (0, 0, 0)
113.2073 	EXP 	responser: foreColor = (0, 0, 0)
113.2240 	EXP 	responser: foreColor = (0, 0, 0)
113.2407 	EXP 	responser: foreColor = (0, 0, 0)
113.2573 	EXP 	responser: foreColor = (0, 0, 0)
113.2740 	EXP 	responser: foreColor = (0, 0, 0)
113.2907 	EXP 	responser: foreColor = (0, 0, 0)
113.3073 	EXP 	responser: foreColor = (0, 0, 0)
113.3240 	EXP 	responser: foreColor = (0, 0, 0)
113.3407 	EXP 	responser: foreColor = (0, 0, 0)
113.3573 	EXP 	responser: foreColor = (0, 0, 0)
113.3740 	EXP 	responser: foreColor = (0, 0, 0)
113.3906 	EXP 	responser: foreColor = (0, 0, 0)
113.3906 	EXP 	thermode_locali_pic: autoDraw = False
113.4073 	EXP 	responser: foreColor = (0, 0, 0)
113.4240 	EXP 	responser: foreColor = (0, 0, 0)
113.4406 	EXP 	responser: foreColor = (0, 0, 0)
113.4573 	EXP 	responser: foreColor = (0, 0, 0)
113.4740 	EXP 	responser: foreColor = (0, 0, 0)
113.4906 	EXP 	responser: foreColor = (0, 0, 0)
113.5073 	EXP 	responser: foreColor = (0, 0, 0)
113.5240 	EXP 	responser: foreColor = (0, 0, 0)
113.5407 	EXP 	responser: foreColor = (0, 0, 0)
113.5573 	EXP 	responser: foreColor = (0, 0, 0)
113.5740 	EXP 	responser: foreColor = (0, 0, 0)
113.5907 	EXP 	responser: foreColor = (0, 0, 0)
113.6073 	EXP 	responser: foreColor = (0, 0, 0)
113.6240 	EXP 	responser: foreColor = (0, 0, 0)
113.6407 	EXP 	responser: foreColor = (0, 0, 0)
113.6573 	EXP 	responser: foreColor = (0, 0, 0)
113.6631 	EXP 	New trial (rep=5, index=0): None
113.6740 	EXP 	responser: foreColor = (0, 0, 0)
113.6740 	EXP 	responsel: autoDraw = False
113.6740 	EXP 	percu_or: autoDraw = False
113.6740 	EXP 	responser: autoDraw = False
113.6740 	EXP 	thermode_locali_pic: autoDraw = False
113.6740 	EXP 	responsel: autoDraw = False
113.6740 	EXP 	percu_or: autoDraw = False
113.6740 	EXP 	responser: autoDraw = False
113.6740 	EXP 	responsel: foreColor = 'white'
113.6740 	EXP 	responser: foreColor = 'white'
113.6740 	EXP 	text_pic: autoDraw = True
113.6740 	EXP 	croix_3: autoDraw = True
118.6908 	EXP 	text_pic: autoDraw = False
118.6908 	EXP 	croix_3: autoDraw = False
118.6908 	EXP 	text_pic: autoDraw = False
118.6908 	EXP 	croix_3: autoDraw = False
118.6908 	EXP 	thermode_locali_pic: height = 0.02
118.6908 	EXP 	thermode_locali_pic: height = 0.02
118.6908 	EXP 	thermode_locali_pic: height = 0.02
118.6908 	EXP 	thermode_locali_pic: text = 'T : 1'
118.6908 	EXP 	responsel: text = 'OUI              '
118.6908 	EXP 	thermode_locali_pic: autoDraw = True
126.1743 	EXP 	responsel: autoDraw = True
126.1743 	EXP 	percu_or: autoDraw = True
126.1743 	EXP 	responser: autoDraw = True
128.2455 	DATA 	Keypress: n
128.2743 	EXP 	responser: foreColor = (0, 0, 0)
128.2910 	EXP 	responser: foreColor = (0, 0, 0)
128.3077 	EXP 	responser: foreColor = (0, 0, 0)
128.3243 	EXP 	responser: foreColor = (0, 0, 0)
128.3411 	EXP 	responser: foreColor = (0, 0, 0)
128.3577 	EXP 	responser: foreColor = (0, 0, 0)
128.3743 	EXP 	responser: foreColor = (0, 0, 0)
128.3910 	EXP 	responser: foreColor = (0, 0, 0)
128.4077 	EXP 	responser: foreColor = (0, 0, 0)
128.4243 	EXP 	responser: foreColor = (0, 0, 0)
128.4410 	EXP 	responser: foreColor = (0, 0, 0)
128.4577 	EXP 	responser: foreColor = (0, 0, 0)
128.4745 	EXP 	responser: foreColor = (0, 0, 0)
128.4910 	EXP 	responser: foreColor = (0, 0, 0)
128.5077 	EXP 	responser: foreColor = (0, 0, 0)
128.5244 	EXP 	responser: foreColor = (0, 0, 0)
128.5410 	EXP 	responser: foreColor = (0, 0, 0)
128.5577 	EXP 	responser: foreColor = (0, 0, 0)
128.5744 	EXP 	responser: foreColor = (0, 0, 0)
128.5910 	EXP 	responser: foreColor = (0, 0, 0)
128.6077 	EXP 	responser: foreColor = (0, 0, 0)
128.6244 	EXP 	responser: foreColor = (0, 0, 0)
128.6410 	EXP 	responser: foreColor = (0, 0, 0)
128.6577 	EXP 	responser: foreColor = (0, 0, 0)
128.6744 	EXP 	responser: foreColor = (0, 0, 0)
128.6910 	EXP 	responser: foreColor = (0, 0, 0)
128.7077 	EXP 	responser: foreColor = (0, 0, 0)
128.7244 	EXP 	responser: foreColor = (0, 0, 0)
128.7410 	EXP 	responser: foreColor = (0, 0, 0)
128.7577 	EXP 	responser: foreColor = (0, 0, 0)
128.7743 	EXP 	responser: foreColor = (0, 0, 0)
128.7910 	EXP 	responser: foreColor = (0, 0, 0)
128.8077 	EXP 	responser: foreColor = (0, 0, 0)
128.8243 	EXP 	responser: foreColor = (0, 0, 0)
128.8410 	EXP 	responser: foreColor = (0, 0, 0)
128.8577 	EXP 	responser: foreColor = (0, 0, 0)
128.8744 	EXP 	responser: foreColor = (0, 0, 0)
128.8910 	EXP 	responser: foreColor = (0, 0, 0)
128.8910 	EXP 	thermode_locali_pic: autoDraw = False
128.9077 	EXP 	responser: foreColor = (0, 0, 0)
128.9243 	EXP 	responser: foreColor = (0, 0, 0)
128.9410 	EXP 	responser: foreColor = (0, 0, 0)
128.9577 	EXP 	responser: foreColor = (0, 0, 0)
128.9743 	EXP 	responser: foreColor = (0, 0, 0)
128.9910 	EXP 	responser: foreColor = (0, 0, 0)
129.0077 	EXP 	responser: foreColor = (0, 0, 0)
129.0243 	EXP 	responser: foreColor = (0, 0, 0)
129.0410 	EXP 	responser: foreColor = (0, 0, 0)
129.0577 	EXP 	responser: foreColor = (0, 0, 0)
129.0743 	EXP 	responser: foreColor = (0, 0, 0)
129.0910 	EXP 	responser: foreColor = (0, 0, 0)
129.1077 	EXP 	responser: foreColor = (0, 0, 0)
129.1244 	EXP 	responser: foreColor = (0, 0, 0)
129.1410 	EXP 	responser: foreColor = (0, 0, 0)
129.1577 	EXP 	responser: foreColor = (0, 0, 0)
129.1634 	EXP 	New trial (rep=6, index=0): None
129.1744 	EXP 	responser: foreColor = (0, 0, 0)
129.1744 	EXP 	responsel: autoDraw = False
129.1744 	EXP 	percu_or: autoDraw = False
129.1744 	EXP 	responser: autoDraw = False
129.1744 	EXP 	thermode_locali_pic: autoDraw = False
129.1744 	EXP 	responsel: autoDraw = False
129.1744 	EXP 	percu_or: autoDraw = False
129.1744 	EXP 	responser: autoDraw = False
129.1744 	EXP 	responsel: foreColor = 'white'
129.1744 	EXP 	responser: foreColor = 'white'
129.1744 	EXP 	text_pic: autoDraw = True
129.1744 	EXP 	croix_3: autoDraw = True
134.1912 	EXP 	text_pic: autoDraw = False
134.1912 	EXP 	croix_3: autoDraw = False
134.1912 	EXP 	text_pic: autoDraw = False
134.1912 	EXP 	croix_3: autoDraw = False
134.1912 	EXP 	thermode_locali_pic: height = 0.02
134.1912 	EXP 	thermode_locali_pic: height = 0.02
134.1912 	EXP 	thermode_locali_pic: height = 0.02
134.1912 	EXP 	thermode_locali_pic: text = 'T : 2'
134.1912 	EXP 	responsel: text = 'OUI              '
134.1912 	EXP 	thermode_locali_pic: autoDraw = True
141.6747 	EXP 	responsel: autoDraw = True
141.6747 	EXP 	percu_or: autoDraw = True
141.6747 	EXP 	responser: autoDraw = True
143.3804 	DATA 	Keypress: m
143.4247 	EXP 	responsel: foreColor = (0, 0, 0)
143.4414 	EXP 	responsel: foreColor = (0, 0, 0)
143.4580 	EXP 	responsel: foreColor = (0, 0, 0)
143.4747 	EXP 	responsel: foreColor = (0, 0, 0)
143.4913 	EXP 	responsel: foreColor = (0, 0, 0)
143.5080 	EXP 	responsel: foreColor = (0, 0, 0)
143.5247 	EXP 	responsel: foreColor = (0, 0, 0)
143.5414 	EXP 	responsel: foreColor = (0, 0, 0)
143.5580 	EXP 	responsel: foreColor = (0, 0, 0)
143.5747 	EXP 	responsel: foreColor = (0, 0, 0)
143.5914 	EXP 	responsel: foreColor = (0, 0, 0)
143.6080 	EXP 	responsel: foreColor = (0, 0, 0)
143.6247 	EXP 	responsel: foreColor = (0, 0, 0)
143.6413 	EXP 	responsel: foreColor = (0, 0, 0)
143.6580 	EXP 	responsel: foreColor = (0, 0, 0)
143.6747 	EXP 	responsel: foreColor = (0, 0, 0)
143.6913 	EXP 	responsel: foreColor = (0, 0, 0)
143.7080 	EXP 	responsel: foreColor = (0, 0, 0)
143.7247 	EXP 	responsel: foreColor = (0, 0, 0)
143.7414 	EXP 	responsel: foreColor = (0, 0, 0)
143.7580 	EXP 	responsel: foreColor = (0, 0, 0)
143.7747 	EXP 	responsel: foreColor = (0, 0, 0)
143.7914 	EXP 	responsel: foreColor = (0, 0, 0)
143.8081 	EXP 	responsel: foreColor = (0, 0, 0)
143.8247 	EXP 	responsel: foreColor = (0, 0, 0)
143.8414 	EXP 	responsel: foreColor = (0, 0, 0)
143.8580 	EXP 	responsel: foreColor = (0, 0, 0)
143.8747 	EXP 	responsel: foreColor = (0, 0, 0)
143.8914 	EXP 	responsel: foreColor = (0, 0, 0)
143.9080 	EXP 	responsel: foreColor = (0, 0, 0)
143.9247 	EXP 	responsel: foreColor = (0, 0, 0)
143.9414 	EXP 	responsel: foreColor = (0, 0, 0)
143.9580 	EXP 	responsel: foreColor = (0, 0, 0)
143.9747 	EXP 	responsel: foreColor = (0, 0, 0)
143.9914 	EXP 	responsel: foreColor = (0, 0, 0)
144.0080 	EXP 	responsel: foreColor = (0, 0, 0)
144.0247 	EXP 	responsel: foreColor = (0, 0, 0)
144.0414 	EXP 	responsel: foreColor = (0, 0, 0)
144.0580 	EXP 	responsel: foreColor = (0, 0, 0)
144.0747 	EXP 	responsel: foreColor = (0, 0, 0)
144.0914 	EXP 	responsel: foreColor = (0, 0, 0)
144.1080 	EXP 	responsel: foreColor = (0, 0, 0)
144.1247 	EXP 	responsel: foreColor = (0, 0, 0)
144.1414 	EXP 	responsel: foreColor = (0, 0, 0)
144.1580 	EXP 	responsel: foreColor = (0, 0, 0)
144.1747 	EXP 	responsel: foreColor = (0, 0, 0)
144.1914 	EXP 	responsel: foreColor = (0, 0, 0)
144.2080 	EXP 	responsel: foreColor = (0, 0, 0)
144.2247 	EXP 	responsel: foreColor = (0, 0, 0)
144.2414 	EXP 	responsel: foreColor = (0, 0, 0)
144.2580 	EXP 	responsel: foreColor = (0, 0, 0)
144.2747 	EXP 	responsel: foreColor = (0, 0, 0)
144.2914 	EXP 	responsel: foreColor = (0, 0, 0)
144.3080 	EXP 	responsel: foreColor = (0, 0, 0)
144.3247 	EXP 	responsel: foreColor = (0, 0, 0)
144.3414 	EXP 	responsel: foreColor = (0, 0, 0)
144.3580 	EXP 	responsel: foreColor = (0, 0, 0)
144.3747 	EXP 	responsel: foreColor = (0, 0, 0)
144.3914 	EXP 	responsel: foreColor = (0, 0, 0)
144.3914 	EXP 	thermode_locali_pic: autoDraw = False
144.4081 	EXP 	responsel: foreColor = (0, 0, 0)
144.4247 	EXP 	responsel: foreColor = (0, 0, 0)
144.4414 	EXP 	responsel: foreColor = (0, 0, 0)
144.4581 	EXP 	responsel: foreColor = (0, 0, 0)
144.4747 	EXP 	responsel: foreColor = (0, 0, 0)
144.4914 	EXP 	responsel: foreColor = (0, 0, 0)
144.5081 	EXP 	responsel: foreColor = (0, 0, 0)
144.5247 	EXP 	responsel: foreColor = (0, 0, 0)
144.5414 	EXP 	responsel: foreColor = (0, 0, 0)
144.5581 	EXP 	responsel: foreColor = (0, 0, 0)
144.5747 	EXP 	responsel: foreColor = (0, 0, 0)
144.5914 	EXP 	responsel: foreColor = (0, 0, 0)
144.6081 	EXP 	responsel: foreColor = (0, 0, 0)
144.6247 	EXP 	responsel: foreColor = (0, 0, 0)
144.6414 	EXP 	responsel: foreColor = (0, 0, 0)
144.6581 	EXP 	responsel: foreColor = (0, 0, 0)
144.6646 	EXP 	New trial (rep=7, index=0): None
144.6747 	EXP 	responsel: foreColor = (0, 0, 0)
144.6747 	EXP 	responsel: autoDraw = False
144.6747 	EXP 	percu_or: autoDraw = False
144.6747 	EXP 	responser: autoDraw = False
144.6747 	EXP 	thermode_locali_pic: autoDraw = False
144.6747 	EXP 	responsel: autoDraw = False
144.6747 	EXP 	percu_or: autoDraw = False
144.6747 	EXP 	responser: autoDraw = False
144.6747 	EXP 	responsel: foreColor = 'white'
144.6747 	EXP 	responser: foreColor = 'white'
144.6747 	EXP 	text_pic: autoDraw = True
144.6747 	EXP 	croix_3: autoDraw = True
149.6915 	EXP 	text_pic: autoDraw = False
149.6915 	EXP 	croix_3: autoDraw = False
149.6915 	EXP 	text_pic: autoDraw = False
149.6915 	EXP 	croix_3: autoDraw = False
149.6915 	EXP 	thermode_locali_pic: height = 0.02
149.6915 	EXP 	thermode_locali_pic: height = 0.02
149.6915 	EXP 	thermode_locali_pic: height = 0.02
149.6915 	EXP 	thermode_locali_pic: text = 'T : 3'
149.6915 	EXP 	responsel: text = 'OUI              '
149.6915 	EXP 	thermode_locali_pic: autoDraw = True
157.1750 	EXP 	responsel: autoDraw = True
157.1750 	EXP 	percu_or: autoDraw = True
157.1750 	EXP 	responser: autoDraw = True
159.4795 	DATA 	Keypress: n
159.5084 	EXP 	responser: foreColor = (0, 0, 0)
159.5251 	EXP 	responser: foreColor = (0, 0, 0)
159.5417 	EXP 	responser: foreColor = (0, 0, 0)
159.5584 	EXP 	responser: foreColor = (0, 0, 0)
159.5751 	EXP 	responser: foreColor = (0, 0, 0)
159.5917 	EXP 	responser: foreColor = (0, 0, 0)
159.6084 	EXP 	responser: foreColor = (0, 0, 0)
159.6251 	EXP 	responser: foreColor = (0, 0, 0)
159.6417 	EXP 	responser: foreColor = (0, 0, 0)
159.6584 	EXP 	responser: foreColor = (0, 0, 0)
159.6751 	EXP 	responser: foreColor = (0, 0, 0)
159.6917 	EXP 	responser: foreColor = (0, 0, 0)
159.7084 	EXP 	responser: foreColor = (0, 0, 0)
159.7251 	EXP 	responser: foreColor = (0, 0, 0)
159.7417 	EXP 	responser: foreColor = (0, 0, 0)
159.7584 	EXP 	responser: foreColor = (0, 0, 0)
159.7751 	EXP 	responser: foreColor = (0, 0, 0)
159.7917 	EXP 	responser: foreColor = (0, 0, 0)
159.8084 	EXP 	responser: foreColor = (0, 0, 0)
159.8251 	EXP 	responser: foreColor = (0, 0, 0)
159.8418 	EXP 	responser: foreColor = (0, 0, 0)
159.8584 	EXP 	responser: foreColor = (0, 0, 0)
159.8751 	EXP 	responser: foreColor = (0, 0, 0)
159.8917 	EXP 	responser: foreColor = (0, 0, 0)
159.8917 	EXP 	thermode_locali_pic: autoDraw = False
159.9084 	EXP 	responser: foreColor = (0, 0, 0)
159.9251 	EXP 	responser: foreColor = (0, 0, 0)
159.9418 	EXP 	responser: foreColor = (0, 0, 0)
159.9584 	EXP 	responser: foreColor = (0, 0, 0)
159.9751 	EXP 	responser: foreColor = (0, 0, 0)
159.9918 	EXP 	responser: foreColor = (0, 0, 0)
160.0084 	EXP 	responser: foreColor = (0, 0, 0)
160.0251 	EXP 	responser: foreColor = (0, 0, 0)
160.0418 	EXP 	responser: foreColor = (0, 0, 0)
160.0584 	EXP 	responser: foreColor = (0, 0, 0)
160.0751 	EXP 	responser: foreColor = (0, 0, 0)
160.0918 	EXP 	responser: foreColor = (0, 0, 0)
160.1084 	EXP 	responser: foreColor = (0, 0, 0)
160.1251 	EXP 	responser: foreColor = (0, 0, 0)
160.1418 	EXP 	responser: foreColor = (0, 0, 0)
160.1584 	EXP 	responser: foreColor = (0, 0, 0)
160.1631 	EXP 	New trial (rep=8, index=0): None
160.1751 	EXP 	responser: foreColor = (0, 0, 0)
160.1751 	EXP 	responsel: autoDraw = False
160.1751 	EXP 	percu_or: autoDraw = False
160.1751 	EXP 	responser: autoDraw = False
160.1751 	EXP 	thermode_locali_pic: autoDraw = False
160.1751 	EXP 	responsel: autoDraw = False
160.1751 	EXP 	percu_or: autoDraw = False
160.1751 	EXP 	responser: autoDraw = False
160.1751 	EXP 	responsel: foreColor = 'white'
160.1751 	EXP 	responser: foreColor = 'white'
160.1751 	EXP 	text_pic: autoDraw = True
160.1751 	EXP 	croix_3: autoDraw = True
165.1919 	EXP 	text_pic: autoDraw = False
165.1919 	EXP 	croix_3: autoDraw = False
165.1919 	EXP 	text_pic: autoDraw = False
165.1919 	EXP 	croix_3: autoDraw = False
165.1919 	EXP 	thermode_locali_pic: height = 0.02
165.1919 	EXP 	thermode_locali_pic: height = 0.02
165.1919 	EXP 	thermode_locali_pic: height = 0.02
165.1919 	EXP 	thermode_locali_pic: text = 'T : 0'
165.1919 	EXP 	responsel: text = 'OUI              '
165.1919 	EXP 	thermode_locali_pic: autoDraw = True
172.6754 	EXP 	responsel: autoDraw = True
172.6754 	EXP 	percu_or: autoDraw = True
172.6754 	EXP 	responser: autoDraw = True
174.5799 	DATA 	Keypress: n
174.6088 	EXP 	responser: foreColor = (0, 0, 0)
174.6254 	EXP 	responser: foreColor = (0, 0, 0)
174.6421 	EXP 	responser: foreColor = (0, 0, 0)
174.6588 	EXP 	responser: foreColor = (0, 0, 0)
174.6754 	EXP 	responser: foreColor = (0, 0, 0)
174.6921 	EXP 	responser: foreColor = (0, 0, 0)
174.7088 	EXP 	responser: foreColor = (0, 0, 0)
174.7254 	EXP 	responser: foreColor = (0, 0, 0)
174.7421 	EXP 	responser: foreColor = (0, 0, 0)
174.7588 	EXP 	responser: foreColor = (0, 0, 0)
174.7754 	EXP 	responser: foreColor = (0, 0, 0)
174.7921 	EXP 	responser: foreColor = (0, 0, 0)
174.8088 	EXP 	responser: foreColor = (0, 0, 0)
174.8254 	EXP 	responser: foreColor = (0, 0, 0)
174.8421 	EXP 	responser: foreColor = (0, 0, 0)
174.8588 	EXP 	responser: foreColor = (0, 0, 0)
174.8754 	EXP 	responser: foreColor = (0, 0, 0)
174.8921 	EXP 	responser: foreColor = (0, 0, 0)
174.9088 	EXP 	responser: foreColor = (0, 0, 0)
174.9255 	EXP 	responser: foreColor = (0, 0, 0)
174.9421 	EXP 	responser: foreColor = (0, 0, 0)
174.9588 	EXP 	responser: foreColor = (0, 0, 0)
174.9755 	EXP 	responser: foreColor = (0, 0, 0)
174.9921 	EXP 	responser: foreColor = (0, 0, 0)
175.0088 	EXP 	responser: foreColor = (0, 0, 0)
175.0254 	EXP 	responser: foreColor = (0, 0, 0)
175.0421 	EXP 	responser: foreColor = (0, 0, 0)
175.0588 	EXP 	responser: foreColor = (0, 0, 0)
175.0754 	EXP 	responser: foreColor = (0, 0, 0)
175.0921 	EXP 	responser: foreColor = (0, 0, 0)
175.1088 	EXP 	responser: foreColor = (0, 0, 0)
175.1254 	EXP 	responser: foreColor = (0, 0, 0)
175.1421 	EXP 	responser: foreColor = (0, 0, 0)
175.1588 	EXP 	responser: foreColor = (0, 0, 0)
175.1754 	EXP 	responser: foreColor = (0, 0, 0)
175.1921 	EXP 	responser: foreColor = (0, 0, 0)
175.2088 	EXP 	responser: foreColor = (0, 0, 0)
175.2254 	EXP 	responser: foreColor = (0, 0, 0)
175.2421 	EXP 	responser: foreColor = (0, 0, 0)
175.2588 	EXP 	responser: foreColor = (0, 0, 0)
175.2755 	EXP 	responser: foreColor = (0, 0, 0)
175.2921 	EXP 	responser: foreColor = (0, 0, 0)
175.3088 	EXP 	responser: foreColor = (0, 0, 0)
175.3254 	EXP 	responser: foreColor = (0, 0, 0)
175.3421 	EXP 	responser: foreColor = (0, 0, 0)
175.3588 	EXP 	responser: foreColor = (0, 0, 0)
175.3754 	EXP 	responser: foreColor = (0, 0, 0)
175.3921 	EXP 	responser: foreColor = (0, 0, 0)
175.3921 	EXP 	thermode_locali_pic: autoDraw = False
175.4088 	EXP 	responser: foreColor = (0, 0, 0)
175.4255 	EXP 	responser: foreColor = (0, 0, 0)
175.4421 	EXP 	responser: foreColor = (0, 0, 0)
175.4588 	EXP 	responser: foreColor = (0, 0, 0)
175.4755 	EXP 	responser: foreColor = (0, 0, 0)
175.4921 	EXP 	responser: foreColor = (0, 0, 0)
175.5088 	EXP 	responser: foreColor = (0, 0, 0)
175.5255 	EXP 	responser: foreColor = (0, 0, 0)
175.5421 	EXP 	responser: foreColor = (0, 0, 0)
175.5588 	EXP 	responser: foreColor = (0, 0, 0)
175.5755 	EXP 	responser: foreColor = (0, 0, 0)
175.5921 	EXP 	responser: foreColor = (0, 0, 0)
175.6088 	EXP 	responser: foreColor = (0, 0, 0)
175.6254 	EXP 	responser: foreColor = (0, 0, 0)
175.6421 	EXP 	responser: foreColor = (0, 0, 0)
175.6588 	EXP 	responser: foreColor = (0, 0, 0)
175.6653 	EXP 	New trial (rep=9, index=0): None
175.6754 	EXP 	responser: foreColor = (0, 0, 0)
175.6754 	EXP 	responsel: autoDraw = False
175.6754 	EXP 	percu_or: autoDraw = False
175.6754 	EXP 	responser: autoDraw = False
175.6754 	EXP 	thermode_locali_pic: autoDraw = False
175.6754 	EXP 	responsel: autoDraw = False
175.6754 	EXP 	percu_or: autoDraw = False
175.6754 	EXP 	responser: autoDraw = False
175.6754 	EXP 	responsel: foreColor = 'white'
175.6754 	EXP 	responser: foreColor = 'white'
175.6754 	EXP 	text_pic: autoDraw = True
175.6754 	EXP 	croix_3: autoDraw = True
180.6923 	EXP 	text_pic: autoDraw = False
180.6923 	EXP 	croix_3: autoDraw = False
180.6923 	EXP 	text_pic: autoDraw = False
180.6923 	EXP 	croix_3: autoDraw = False
180.6923 	EXP 	thermode_locali_pic: height = 0.02
180.6923 	EXP 	thermode_locali_pic: height = 0.02
180.6923 	EXP 	thermode_locali_pic: height = 0.02
180.6923 	EXP 	thermode_locali_pic: text = 'T : 1'
180.6923 	EXP 	responsel: text = 'OUI              '
180.6923 	EXP 	thermode_locali_pic: autoDraw = True
188.1758 	EXP 	responsel: autoDraw = True
188.1758 	EXP 	percu_or: autoDraw = True
188.1758 	EXP 	responser: autoDraw = True
189.5303 	DATA 	Keypress: m
189.5591 	EXP 	responsel: foreColor = (0, 0, 0)
189.5758 	EXP 	responsel: foreColor = (0, 0, 0)
189.5924 	EXP 	responsel: foreColor = (0, 0, 0)
189.6091 	EXP 	responsel: foreColor = (0, 0, 0)
189.6258 	EXP 	responsel: foreColor = (0, 0, 0)
189.6424 	EXP 	responsel: foreColor = (0, 0, 0)
189.6591 	EXP 	responsel: foreColor = (0, 0, 0)
189.6758 	EXP 	responsel: foreColor = (0, 0, 0)
189.6924 	EXP 	responsel: foreColor = (0, 0, 0)
189.7091 	EXP 	responsel: foreColor = (0, 0, 0)
189.7258 	EXP 	responsel: foreColor = (0, 0, 0)
189.7424 	EXP 	responsel: foreColor = (0, 0, 0)
189.7591 	EXP 	responsel: foreColor = (0, 0, 0)
189.7758 	EXP 	responsel: foreColor = (0, 0, 0)
189.7924 	EXP 	responsel: foreColor = (0, 0, 0)
189.8091 	EXP 	responsel: foreColor = (0, 0, 0)
189.8258 	EXP 	responsel: foreColor = (0, 0, 0)
189.8424 	EXP 	responsel: foreColor = (0, 0, 0)
189.8591 	EXP 	responsel: foreColor = (0, 0, 0)
189.8758 	EXP 	responsel: foreColor = (0, 0, 0)
189.8925 	EXP 	responsel: foreColor = (0, 0, 0)
189.9091 	EXP 	responsel: foreColor = (0, 0, 0)
189.9258 	EXP 	responsel: foreColor = (0, 0, 0)
189.9425 	EXP 	responsel: foreColor = (0, 0, 0)
189.9591 	EXP 	responsel: foreColor = (0, 0, 0)
189.9758 	EXP 	responsel: foreColor = (0, 0, 0)
189.9925 	EXP 	responsel: foreColor = (0, 0, 0)
190.0091 	EXP 	responsel: foreColor = (0, 0, 0)
190.0258 	EXP 	responsel: foreColor = (0, 0, 0)
190.0425 	EXP 	responsel: foreColor = (0, 0, 0)
190.0591 	EXP 	responsel: foreColor = (0, 0, 0)
190.0758 	EXP 	responsel: foreColor = (0, 0, 0)
190.0925 	EXP 	responsel: foreColor = (0, 0, 0)
190.1091 	EXP 	responsel: foreColor = (0, 0, 0)
190.1258 	EXP 	responsel: foreColor = (0, 0, 0)
190.1425 	EXP 	responsel: foreColor = (0, 0, 0)
190.1591 	EXP 	responsel: foreColor = (0, 0, 0)
190.1758 	EXP 	responsel: foreColor = (0, 0, 0)
190.1925 	EXP 	responsel: foreColor = (0, 0, 0)
190.2091 	EXP 	responsel: foreColor = (0, 0, 0)
190.2258 	EXP 	responsel: foreColor = (0, 0, 0)
190.2425 	EXP 	responsel: foreColor = (0, 0, 0)
190.2591 	EXP 	responsel: foreColor = (0, 0, 0)
190.2758 	EXP 	responsel: foreColor = (0, 0, 0)
190.2925 	EXP 	responsel: foreColor = (0, 0, 0)
190.3091 	EXP 	responsel: foreColor = (0, 0, 0)
190.3258 	EXP 	responsel: foreColor = (0, 0, 0)
190.3425 	EXP 	responsel: foreColor = (0, 0, 0)
190.3591 	EXP 	responsel: foreColor = (0, 0, 0)
190.3758 	EXP 	responsel: foreColor = (0, 0, 0)
190.3925 	EXP 	responsel: foreColor = (0, 0, 0)
190.4091 	EXP 	responsel: foreColor = (0, 0, 0)
190.4258 	EXP 	responsel: foreColor = (0, 0, 0)
190.4425 	EXP 	responsel: foreColor = (0, 0, 0)
190.4591 	EXP 	responsel: foreColor = (0, 0, 0)
190.4758 	EXP 	responsel: foreColor = (0, 0, 0)
190.4925 	EXP 	responsel: foreColor = (0, 0, 0)
190.5091 	EXP 	responsel: foreColor = (0, 0, 0)
190.5258 	EXP 	responsel: foreColor = (0, 0, 0)
190.5425 	EXP 	responsel: foreColor = (0, 0, 0)
190.5591 	EXP 	responsel: foreColor = (0, 0, 0)
190.5758 	EXP 	responsel: foreColor = (0, 0, 0)
190.5925 	EXP 	responsel: foreColor = (0, 0, 0)
190.6091 	EXP 	responsel: foreColor = (0, 0, 0)
190.6258 	EXP 	responsel: foreColor = (0, 0, 0)
190.6425 	EXP 	responsel: foreColor = (0, 0, 0)
190.6591 	EXP 	responsel: foreColor = (0, 0, 0)
190.6758 	EXP 	responsel: foreColor = (0, 0, 0)
190.6925 	EXP 	responsel: foreColor = (0, 0, 0)
190.7092 	EXP 	responsel: foreColor = (0, 0, 0)
190.7258 	EXP 	responsel: foreColor = (0, 0, 0)
190.7425 	EXP 	responsel: foreColor = (0, 0, 0)
190.7592 	EXP 	responsel: foreColor = (0, 0, 0)
190.7758 	EXP 	responsel: foreColor = (0, 0, 0)
190.7925 	EXP 	responsel: foreColor = (0, 0, 0)
190.8093 	EXP 	responsel: foreColor = (0, 0, 0)
190.8258 	EXP 	responsel: foreColor = (0, 0, 0)
190.8425 	EXP 	responsel: foreColor = (0, 0, 0)
190.8591 	EXP 	responsel: foreColor = (0, 0, 0)
190.8758 	EXP 	responsel: foreColor = (0, 0, 0)
190.8925 	EXP 	responsel: foreColor = (0, 0, 0)
190.8925 	EXP 	thermode_locali_pic: autoDraw = False
190.9092 	EXP 	responsel: foreColor = (0, 0, 0)
190.9258 	EXP 	responsel: foreColor = (0, 0, 0)
190.9425 	EXP 	responsel: foreColor = (0, 0, 0)
190.9592 	EXP 	responsel: foreColor = (0, 0, 0)
190.9758 	EXP 	responsel: foreColor = (0, 0, 0)
190.9925 	EXP 	responsel: foreColor = (0, 0, 0)
191.0091 	EXP 	responsel: foreColor = (0, 0, 0)
191.0258 	EXP 	responsel: foreColor = (0, 0, 0)
191.0425 	EXP 	responsel: foreColor = (0, 0, 0)
191.0592 	EXP 	responsel: foreColor = (0, 0, 0)
191.0758 	EXP 	responsel: foreColor = (0, 0, 0)
191.0925 	EXP 	responsel: foreColor = (0, 0, 0)
191.1091 	EXP 	responsel: foreColor = (0, 0, 0)
191.1258 	EXP 	responsel: foreColor = (0, 0, 0)
191.1425 	EXP 	responsel: foreColor = (0, 0, 0)
191.1591 	EXP 	responsel: foreColor = (0, 0, 0)
191.1649 	EXP 	New trial (rep=10, index=0): None
191.1758 	EXP 	responsel: foreColor = (0, 0, 0)
191.1758 	EXP 	responsel: autoDraw = False
191.1758 	EXP 	percu_or: autoDraw = False
191.1758 	EXP 	responser: autoDraw = False
191.1758 	EXP 	thermode_locali_pic: autoDraw = False
191.1758 	EXP 	responsel: autoDraw = False
191.1758 	EXP 	percu_or: autoDraw = False
191.1758 	EXP 	responser: autoDraw = False
191.1758 	EXP 	responsel: foreColor = 'white'
191.1758 	EXP 	responser: foreColor = 'white'
191.1758 	EXP 	text_pic: autoDraw = True
191.1758 	EXP 	croix_3: autoDraw = True
196.1926 	EXP 	text_pic: autoDraw = False
196.1926 	EXP 	croix_3: autoDraw = False
196.1926 	EXP 	text_pic: autoDraw = False
196.1926 	EXP 	croix_3: autoDraw = False
196.1926 	EXP 	thermode_locali_pic: height = 0.02
196.1926 	EXP 	thermode_locali_pic: height = 0.02
196.1926 	EXP 	thermode_locali_pic: height = 0.02
196.1926 	EXP 	thermode_locali_pic: text = 'T : 2'
196.1926 	EXP 	responsel: text = 'OUI              '
196.1926 	EXP 	thermode_locali_pic: autoDraw = True
203.6761 	EXP 	responsel: autoDraw = True
203.6761 	EXP 	percu_or: autoDraw = True
203.6761 	EXP 	responser: autoDraw = True
205.3819 	DATA 	Keypress: m
205.4262 	EXP 	responsel: foreColor = (0, 0, 0)
205.4428 	EXP 	responsel: foreColor = (0, 0, 0)
205.4595 	EXP 	responsel: foreColor = (0, 0, 0)
205.4762 	EXP 	responsel: foreColor = (0, 0, 0)
205.4928 	EXP 	responsel: foreColor = (0, 0, 0)
205.5095 	EXP 	responsel: foreColor = (0, 0, 0)
205.5261 	EXP 	responsel: foreColor = (0, 0, 0)
205.5428 	EXP 	responsel: foreColor = (0, 0, 0)
205.5595 	EXP 	responsel: foreColor = (0, 0, 0)
205.5762 	EXP 	responsel: foreColor = (0, 0, 0)
205.5928 	EXP 	responsel: foreColor = (0, 0, 0)
205.6095 	EXP 	responsel: foreColor = (0, 0, 0)
205.6262 	EXP 	responsel: foreColor = (0, 0, 0)
205.6428 	EXP 	responsel: foreColor = (0, 0, 0)
205.6595 	EXP 	responsel: foreColor = (0, 0, 0)
205.6762 	EXP 	responsel: foreColor = (0, 0, 0)
205.6928 	EXP 	responsel: foreColor = (0, 0, 0)
205.7095 	EXP 	responsel: foreColor = (0, 0, 0)
205.7262 	EXP 	responsel: foreColor = (0, 0, 0)
205.7428 	EXP 	responsel: foreColor = (0, 0, 0)
205.7595 	EXP 	responsel: foreColor = (0, 0, 0)
205.7762 	EXP 	responsel: foreColor = (0, 0, 0)
205.7928 	EXP 	responsel: foreColor = (0, 0, 0)
205.8095 	EXP 	responsel: foreColor = (0, 0, 0)
205.8261 	EXP 	responsel: foreColor = (0, 0, 0)
205.8428 	EXP 	responsel: foreColor = (0, 0, 0)
205.8595 	EXP 	responsel: foreColor = (0, 0, 0)
205.8762 	EXP 	responsel: foreColor = (0, 0, 0)
205.8928 	EXP 	responsel: foreColor = (0, 0, 0)
205.9095 	EXP 	responsel: foreColor = (0, 0, 0)
205.9262 	EXP 	responsel: foreColor = (0, 0, 0)
205.9428 	EXP 	responsel: foreColor = (0, 0, 0)
205.9595 	EXP 	responsel: foreColor = (0, 0, 0)
205.9762 	EXP 	responsel: foreColor = (0, 0, 0)
205.9928 	EXP 	responsel: foreColor = (0, 0, 0)
206.0095 	EXP 	responsel: foreColor = (0, 0, 0)
206.0262 	EXP 	responsel: foreColor = (0, 0, 0)
206.0428 	EXP 	responsel: foreColor = (0, 0, 0)
206.0595 	EXP 	responsel: foreColor = (0, 0, 0)
206.0762 	EXP 	responsel: foreColor = (0, 0, 0)
206.0928 	EXP 	responsel: foreColor = (0, 0, 0)
206.1095 	EXP 	responsel: foreColor = (0, 0, 0)
206.1262 	EXP 	responsel: foreColor = (0, 0, 0)
206.1429 	EXP 	responsel: foreColor = (0, 0, 0)
206.1595 	EXP 	responsel: foreColor = (0, 0, 0)
206.1762 	EXP 	responsel: foreColor = (0, 0, 0)
206.1929 	EXP 	responsel: foreColor = (0, 0, 0)
206.2095 	EXP 	responsel: foreColor = (0, 0, 0)
206.2262 	EXP 	responsel: foreColor = (0, 0, 0)
206.2429 	EXP 	responsel: foreColor = (0, 0, 0)
206.2595 	EXP 	responsel: foreColor = (0, 0, 0)
206.2762 	EXP 	responsel: foreColor = (0, 0, 0)
206.2929 	EXP 	responsel: foreColor = (0, 0, 0)
206.3095 	EXP 	responsel: foreColor = (0, 0, 0)
206.3262 	EXP 	responsel: foreColor = (0, 0, 0)
206.3429 	EXP 	responsel: foreColor = (0, 0, 0)
206.3595 	EXP 	responsel: foreColor = (0, 0, 0)
206.3762 	EXP 	responsel: foreColor = (0, 0, 0)
206.3928 	EXP 	responsel: foreColor = (0, 0, 0)
206.3928 	EXP 	thermode_locali_pic: autoDraw = False
206.4095 	EXP 	responsel: foreColor = (0, 0, 0)
206.4262 	EXP 	responsel: foreColor = (0, 0, 0)
206.4428 	EXP 	responsel: foreColor = (0, 0, 0)
206.4595 	EXP 	responsel: foreColor = (0, 0, 0)
206.4762 	EXP 	responsel: foreColor = (0, 0, 0)
206.4928 	EXP 	responsel: foreColor = (0, 0, 0)
206.5095 	EXP 	responsel: foreColor = (0, 0, 0)
206.5262 	EXP 	responsel: foreColor = (0, 0, 0)
206.5429 	EXP 	responsel: foreColor = (0, 0, 0)
206.5595 	EXP 	responsel: foreColor = (0, 0, 0)
206.5762 	EXP 	responsel: foreColor = (0, 0, 0)
206.5928 	EXP 	responsel: foreColor = (0, 0, 0)
206.6095 	EXP 	responsel: foreColor = (0, 0, 0)
206.6262 	EXP 	responsel: foreColor = (0, 0, 0)
206.6429 	EXP 	responsel: foreColor = (0, 0, 0)
206.6595 	EXP 	responsel: foreColor = (0, 0, 0)
206.6653 	EXP 	New trial (rep=11, index=0): None
206.6762 	EXP 	responsel: foreColor = (0, 0, 0)
206.6762 	EXP 	responsel: autoDraw = False
206.6762 	EXP 	percu_or: autoDraw = False
206.6762 	EXP 	responser: autoDraw = False
206.6762 	EXP 	thermode_locali_pic: autoDraw = False
206.6762 	EXP 	responsel: autoDraw = False
206.6762 	EXP 	percu_or: autoDraw = False
206.6762 	EXP 	responser: autoDraw = False
206.6762 	EXP 	responsel: foreColor = 'white'
206.6762 	EXP 	responser: foreColor = 'white'
206.6762 	EXP 	text_pic: autoDraw = True
206.6762 	EXP 	croix_3: autoDraw = True
211.6930 	EXP 	text_pic: autoDraw = False
211.6930 	EXP 	croix_3: autoDraw = False
211.6930 	EXP 	text_pic: autoDraw = False
211.6930 	EXP 	croix_3: autoDraw = False
211.6930 	EXP 	thermode_locali_pic: height = 0.02
211.6930 	EXP 	thermode_locali_pic: height = 0.02
211.6930 	EXP 	thermode_locali_pic: height = 0.02
211.6930 	EXP 	thermode_locali_pic: text = 'T : 3'
211.6930 	EXP 	responsel: text = 'OUI              '
211.6930 	EXP 	thermode_locali_pic: autoDraw = True
219.1765 	EXP 	responsel: autoDraw = True
219.1765 	EXP 	percu_or: autoDraw = True
219.1765 	EXP 	responser: autoDraw = True
220.3976 	DATA 	Keypress: n
220.4265 	EXP 	responser: foreColor = (0, 0, 0)
220.4432 	EXP 	responser: foreColor = (0, 0, 0)
220.4599 	EXP 	responser: foreColor = (0, 0, 0)
220.4765 	EXP 	responser: foreColor = (0, 0, 0)
220.4932 	EXP 	responser: foreColor = (0, 0, 0)
220.5099 	EXP 	responser: foreColor = (0, 0, 0)
220.5265 	EXP 	responser: foreColor = (0, 0, 0)
220.5432 	EXP 	responser: foreColor = (0, 0, 0)
220.5600 	EXP 	responser: foreColor = (0, 0, 0)
220.5765 	EXP 	responser: foreColor = (0, 0, 0)
220.5932 	EXP 	responser: foreColor = (0, 0, 0)
220.6099 	EXP 	responser: foreColor = (0, 0, 0)
220.6265 	EXP 	responser: foreColor = (0, 0, 0)
220.6432 	EXP 	responser: foreColor = (0, 0, 0)
220.6599 	EXP 	responser: foreColor = (0, 0, 0)
220.6765 	EXP 	responser: foreColor = (0, 0, 0)
220.6932 	EXP 	responser: foreColor = (0, 0, 0)
220.7098 	EXP 	responser: foreColor = (0, 0, 0)
220.7265 	EXP 	responser: foreColor = (0, 0, 0)
220.7432 	EXP 	responser: foreColor = (0, 0, 0)
220.7599 	EXP 	responser: foreColor = (0, 0, 0)
220.7765 	EXP 	responser: foreColor = (0, 0, 0)
220.7932 	EXP 	responser: foreColor = (0, 0, 0)
220.8098 	EXP 	responser: foreColor = (0, 0, 0)
220.8265 	EXP 	responser: foreColor = (0, 0, 0)
220.8432 	EXP 	responser: foreColor = (0, 0, 0)
220.8599 	EXP 	responser: foreColor = (0, 0, 0)
220.8765 	EXP 	responser: foreColor = (0, 0, 0)
220.8932 	EXP 	responser: foreColor = (0, 0, 0)
220.9099 	EXP 	responser: foreColor = (0, 0, 0)
220.9265 	EXP 	responser: foreColor = (0, 0, 0)
220.9432 	EXP 	responser: foreColor = (0, 0, 0)
220.9599 	EXP 	responser: foreColor = (0, 0, 0)
220.9765 	EXP 	responser: foreColor = (0, 0, 0)
220.9932 	EXP 	responser: foreColor = (0, 0, 0)
221.0099 	EXP 	responser: foreColor = (0, 0, 0)
221.0265 	EXP 	responser: foreColor = (0, 0, 0)
221.0432 	EXP 	responser: foreColor = (0, 0, 0)
221.0599 	EXP 	responser: foreColor = (0, 0, 0)
221.0765 	EXP 	responser: foreColor = (0, 0, 0)
221.0932 	EXP 	responser: foreColor = (0, 0, 0)
221.1099 	EXP 	responser: foreColor = (0, 0, 0)
221.1265 	EXP 	responser: foreColor = (0, 0, 0)
221.1432 	EXP 	responser: foreColor = (0, 0, 0)
221.1599 	EXP 	responser: foreColor = (0, 0, 0)
221.1765 	EXP 	responser: foreColor = (0, 0, 0)
221.1932 	EXP 	responser: foreColor = (0, 0, 0)
221.2099 	EXP 	responser: foreColor = (0, 0, 0)
221.2265 	EXP 	responser: foreColor = (0, 0, 0)
221.2432 	EXP 	responser: foreColor = (0, 0, 0)
221.2599 	EXP 	responser: foreColor = (0, 0, 0)
221.2765 	EXP 	responser: foreColor = (0, 0, 0)
221.2932 	EXP 	responser: foreColor = (0, 0, 0)
221.3099 	EXP 	responser: foreColor = (0, 0, 0)
221.3265 	EXP 	responser: foreColor = (0, 0, 0)
221.3432 	EXP 	responser: foreColor = (0, 0, 0)
221.3599 	EXP 	responser: foreColor = (0, 0, 0)
221.3765 	EXP 	responser: foreColor = (0, 0, 0)
221.3932 	EXP 	responser: foreColor = (0, 0, 0)
221.4099 	EXP 	responser: foreColor = (0, 0, 0)
221.4265 	EXP 	responser: foreColor = (0, 0, 0)
221.4432 	EXP 	responser: foreColor = (0, 0, 0)
221.4599 	EXP 	responser: foreColor = (0, 0, 0)
221.4765 	EXP 	responser: foreColor = (0, 0, 0)
221.4932 	EXP 	responser: foreColor = (0, 0, 0)
221.5099 	EXP 	responser: foreColor = (0, 0, 0)
221.5265 	EXP 	responser: foreColor = (0, 0, 0)
221.5432 	EXP 	responser: foreColor = (0, 0, 0)
221.5599 	EXP 	responser: foreColor = (0, 0, 0)
221.5765 	EXP 	responser: foreColor = (0, 0, 0)
221.5932 	EXP 	responser: foreColor = (0, 0, 0)
221.6099 	EXP 	responser: foreColor = (0, 0, 0)
221.6265 	EXP 	responser: foreColor = (0, 0, 0)
221.6432 	EXP 	responser: foreColor = (0, 0, 0)
221.6599 	EXP 	responser: foreColor = (0, 0, 0)
221.6766 	EXP 	responser: foreColor = (0, 0, 0)
221.6932 	EXP 	responser: foreColor = (0, 0, 0)
221.7099 	EXP 	responser: foreColor = (0, 0, 0)
221.7266 	EXP 	responser: foreColor = (0, 0, 0)
221.7432 	EXP 	responser: foreColor = (0, 0, 0)
221.7599 	EXP 	responser: foreColor = (0, 0, 0)
221.7766 	EXP 	responser: foreColor = (0, 0, 0)
221.7932 	EXP 	responser: foreColor = (0, 0, 0)
221.8099 	EXP 	responser: foreColor = (0, 0, 0)
221.8265 	EXP 	responser: foreColor = (0, 0, 0)
221.8432 	EXP 	responser: foreColor = (0, 0, 0)
221.8599 	EXP 	responser: foreColor = (0, 0, 0)
221.8765 	EXP 	responser: foreColor = (0, 0, 0)
221.8932 	EXP 	responser: foreColor = (0, 0, 0)
221.8932 	EXP 	thermode_locali_pic: autoDraw = False
221.9099 	EXP 	responser: foreColor = (0, 0, 0)
221.9266 	EXP 	responser: foreColor = (0, 0, 0)
221.9432 	EXP 	responser: foreColor = (0, 0, 0)
221.9599 	EXP 	responser: foreColor = (0, 0, 0)
221.9765 	EXP 	responser: foreColor = (0, 0, 0)
221.9932 	EXP 	responser: foreColor = (0, 0, 0)
222.0099 	EXP 	responser: foreColor = (0, 0, 0)
222.0266 	EXP 	responser: foreColor = (0, 0, 0)
222.0432 	EXP 	responser: foreColor = (0, 0, 0)
222.0599 	EXP 	responser: foreColor = (0, 0, 0)
222.0766 	EXP 	responser: foreColor = (0, 0, 0)
222.0932 	EXP 	responser: foreColor = (0, 0, 0)
222.1099 	EXP 	responser: foreColor = (0, 0, 0)
222.1266 	EXP 	responser: foreColor = (0, 0, 0)
222.1432 	EXP 	responser: foreColor = (0, 0, 0)
222.1599 	EXP 	responser: foreColor = (0, 0, 0)
222.1656 	EXP 	New trial (rep=12, index=0): None
222.1766 	EXP 	responser: foreColor = (0, 0, 0)
222.1766 	EXP 	responsel: autoDraw = False
222.1766 	EXP 	percu_or: autoDraw = False
222.1766 	EXP 	responser: autoDraw = False
222.1766 	EXP 	thermode_locali_pic: autoDraw = False
222.1766 	EXP 	responsel: autoDraw = False
222.1766 	EXP 	percu_or: autoDraw = False
222.1766 	EXP 	responser: autoDraw = False
222.1766 	EXP 	responsel: foreColor = 'white'
222.1766 	EXP 	responser: foreColor = 'white'
222.1766 	EXP 	text_pic: autoDraw = True
222.1766 	EXP 	croix_3: autoDraw = True
227.1933 	EXP 	text_pic: autoDraw = False
227.1933 	EXP 	croix_3: autoDraw = False
227.1933 	EXP 	text_pic: autoDraw = False
227.1933 	EXP 	croix_3: autoDraw = False
227.1933 	EXP 	thermode_locali_pic: height = 0.02
227.1933 	EXP 	thermode_locali_pic: height = 0.02
227.1933 	EXP 	thermode_locali_pic: height = 0.02
227.1933 	EXP 	thermode_locali_pic: text = 'T : 0'
227.1933 	EXP 	responsel: text = 'OUI              '
227.1933 	EXP 	thermode_locali_pic: autoDraw = True
234.6769 	EXP 	responsel: autoDraw = True
234.6769 	EXP 	percu_or: autoDraw = True
234.6769 	EXP 	responser: autoDraw = True
235.4479 	DATA 	Keypress: n
235.4769 	EXP 	responser: foreColor = (0, 0, 0)
235.4935 	EXP 	responser: foreColor = (0, 0, 0)
235.5102 	EXP 	responser: foreColor = (0, 0, 0)
235.5269 	EXP 	responser: foreColor = (0, 0, 0)
235.5435 	EXP 	responser: foreColor = (0, 0, 0)
235.5602 	EXP 	responser: foreColor = (0, 0, 0)
235.5769 	EXP 	responser: foreColor = (0, 0, 0)
235.5935 	EXP 	responser: foreColor = (0, 0, 0)
235.6102 	EXP 	responser: foreColor = (0, 0, 0)
235.6269 	EXP 	responser: foreColor = (0, 0, 0)
235.6435 	EXP 	responser: foreColor = (0, 0, 0)
235.6602 	EXP 	responser: foreColor = (0, 0, 0)
235.6769 	EXP 	responser: foreColor = (0, 0, 0)
235.6935 	EXP 	responser: foreColor = (0, 0, 0)
235.7102 	EXP 	responser: foreColor = (0, 0, 0)
235.7269 	EXP 	responser: foreColor = (0, 0, 0)
235.7436 	EXP 	responser: foreColor = (0, 0, 0)
235.7602 	EXP 	responser: foreColor = (0, 0, 0)
235.7769 	EXP 	responser: foreColor = (0, 0, 0)
235.7935 	EXP 	responser: foreColor = (0, 0, 0)
235.8102 	EXP 	responser: foreColor = (0, 0, 0)
235.8269 	EXP 	responser: foreColor = (0, 0, 0)
235.8436 	EXP 	responser: foreColor = (0, 0, 0)
235.8602 	EXP 	responser: foreColor = (0, 0, 0)
235.8769 	EXP 	responser: foreColor = (0, 0, 0)
235.8936 	EXP 	responser: foreColor = (0, 0, 0)
235.9102 	EXP 	responser: foreColor = (0, 0, 0)
235.9269 	EXP 	responser: foreColor = (0, 0, 0)
235.9436 	EXP 	responser: foreColor = (0, 0, 0)
235.9602 	EXP 	responser: foreColor = (0, 0, 0)
235.9769 	EXP 	responser: foreColor = (0, 0, 0)
235.9936 	EXP 	responser: foreColor = (0, 0, 0)
236.0102 	EXP 	responser: foreColor = (0, 0, 0)
236.0269 	EXP 	responser: foreColor = (0, 0, 0)
236.0436 	EXP 	responser: foreColor = (0, 0, 0)
236.0602 	EXP 	responser: foreColor = (0, 0, 0)
236.0769 	EXP 	responser: foreColor = (0, 0, 0)
236.0936 	EXP 	responser: foreColor = (0, 0, 0)
236.1102 	EXP 	responser: foreColor = (0, 0, 0)
236.1269 	EXP 	responser: foreColor = (0, 0, 0)
236.1436 	EXP 	responser: foreColor = (0, 0, 0)
236.1602 	EXP 	responser: foreColor = (0, 0, 0)
236.1769 	EXP 	responser: foreColor = (0, 0, 0)
236.1935 	EXP 	responser: foreColor = (0, 0, 0)
236.2102 	EXP 	responser: foreColor = (0, 0, 0)
236.2269 	EXP 	responser: foreColor = (0, 0, 0)
236.2436 	EXP 	responser: foreColor = (0, 0, 0)
236.2602 	EXP 	responser: foreColor = (0, 0, 0)
236.2769 	EXP 	responser: foreColor = (0, 0, 0)
236.2935 	EXP 	responser: foreColor = (0, 0, 0)
236.3102 	EXP 	responser: foreColor = (0, 0, 0)
236.3269 	EXP 	responser: foreColor = (0, 0, 0)
236.3436 	EXP 	responser: foreColor = (0, 0, 0)
236.3602 	EXP 	responser: foreColor = (0, 0, 0)
236.3769 	EXP 	responser: foreColor = (0, 0, 0)
236.3935 	EXP 	responser: foreColor = (0, 0, 0)
236.4102 	EXP 	responser: foreColor = (0, 0, 0)
236.4269 	EXP 	responser: foreColor = (0, 0, 0)
236.4436 	EXP 	responser: foreColor = (0, 0, 0)
236.4603 	EXP 	responser: foreColor = (0, 0, 0)
236.4769 	EXP 	responser: foreColor = (0, 0, 0)
236.4936 	EXP 	responser: foreColor = (0, 0, 0)
236.5102 	EXP 	responser: foreColor = (0, 0, 0)
236.5269 	EXP 	responser: foreColor = (0, 0, 0)
236.5436 	EXP 	responser: foreColor = (0, 0, 0)
236.5602 	EXP 	responser: foreColor = (0, 0, 0)
236.5769 	EXP 	responser: foreColor = (0, 0, 0)
236.5936 	EXP 	responser: foreColor = (0, 0, 0)
236.6102 	EXP 	responser: foreColor = (0, 0, 0)
236.6269 	EXP 	responser: foreColor = (0, 0, 0)
236.6435 	EXP 	responser: foreColor = (0, 0, 0)
236.6602 	EXP 	responser: foreColor = (0, 0, 0)
236.6769 	EXP 	responser: foreColor = (0, 0, 0)
236.6936 	EXP 	responser: foreColor = (0, 0, 0)
236.7103 	EXP 	responser: foreColor = (0, 0, 0)
236.7269 	EXP 	responser: foreColor = (0, 0, 0)
236.7436 	EXP 	responser: foreColor = (0, 0, 0)
236.7602 	EXP 	responser: foreColor = (0, 0, 0)
236.7769 	EXP 	responser: foreColor = (0, 0, 0)
236.7936 	EXP 	responser: foreColor = (0, 0, 0)
236.8102 	EXP 	responser: foreColor = (0, 0, 0)
236.8269 	EXP 	responser: foreColor = (0, 0, 0)
236.8436 	EXP 	responser: foreColor = (0, 0, 0)
236.8602 	EXP 	responser: foreColor = (0, 0, 0)
236.8769 	EXP 	responser: foreColor = (0, 0, 0)
236.8936 	EXP 	responser: foreColor = (0, 0, 0)
236.9102 	EXP 	responser: foreColor = (0, 0, 0)
236.9269 	EXP 	responser: foreColor = (0, 0, 0)
236.9436 	EXP 	responser: foreColor = (0, 0, 0)
236.9602 	EXP 	responser: foreColor = (0, 0, 0)
236.9769 	EXP 	responser: foreColor = (0, 0, 0)
236.9936 	EXP 	responser: foreColor = (0, 0, 0)
237.0102 	EXP 	responser: foreColor = (0, 0, 0)
237.0269 	EXP 	responser: foreColor = (0, 0, 0)
237.0436 	EXP 	responser: foreColor = (0, 0, 0)
237.0604 	EXP 	responser: foreColor = (0, 0, 0)
237.0770 	EXP 	responser: foreColor = (0, 0, 0)
237.0936 	EXP 	responser: foreColor = (0, 0, 0)
237.1103 	EXP 	responser: foreColor = (0, 0, 0)
237.1269 	EXP 	responser: foreColor = (0, 0, 0)
237.1436 	EXP 	responser: foreColor = (0, 0, 0)
237.1602 	EXP 	responser: foreColor = (0, 0, 0)
237.1770 	EXP 	responser: foreColor = (0, 0, 0)
237.1936 	EXP 	responser: foreColor = (0, 0, 0)
237.2103 	EXP 	responser: foreColor = (0, 0, 0)
237.2269 	EXP 	responser: foreColor = (0, 0, 0)
237.2436 	EXP 	responser: foreColor = (0, 0, 0)
237.2602 	EXP 	responser: foreColor = (0, 0, 0)
237.2769 	EXP 	responser: foreColor = (0, 0, 0)
237.2936 	EXP 	responser: foreColor = (0, 0, 0)
237.3102 	EXP 	responser: foreColor = (0, 0, 0)
237.3269 	EXP 	responser: foreColor = (0, 0, 0)
237.3436 	EXP 	responser: foreColor = (0, 0, 0)
237.3602 	EXP 	responser: foreColor = (0, 0, 0)
237.3769 	EXP 	responser: foreColor = (0, 0, 0)
237.3936 	EXP 	responser: foreColor = (0, 0, 0)
237.3936 	EXP 	thermode_locali_pic: autoDraw = False
237.4102 	EXP 	responser: foreColor = (0, 0, 0)
237.4269 	EXP 	responser: foreColor = (0, 0, 0)
237.4436 	EXP 	responser: foreColor = (0, 0, 0)
237.4603 	EXP 	responser: foreColor = (0, 0, 0)
237.4769 	EXP 	responser: foreColor = (0, 0, 0)
237.4936 	EXP 	responser: foreColor = (0, 0, 0)
237.5103 	EXP 	responser: foreColor = (0, 0, 0)
237.5269 	EXP 	responser: foreColor = (0, 0, 0)
237.5436 	EXP 	responser: foreColor = (0, 0, 0)
237.5603 	EXP 	responser: foreColor = (0, 0, 0)
237.5769 	EXP 	responser: foreColor = (0, 0, 0)
237.5936 	EXP 	responser: foreColor = (0, 0, 0)
237.6103 	EXP 	responser: foreColor = (0, 0, 0)
237.6269 	EXP 	responser: foreColor = (0, 0, 0)
237.6436 	EXP 	responser: foreColor = (0, 0, 0)
237.6603 	EXP 	responser: foreColor = (0, 0, 0)
237.6661 	EXP 	New trial (rep=13, index=0): None
237.6769 	EXP 	responser: foreColor = (0, 0, 0)
237.6769 	EXP 	responsel: autoDraw = False
237.6769 	EXP 	percu_or: autoDraw = False
237.6769 	EXP 	responser: autoDraw = False
237.6769 	EXP 	thermode_locali_pic: autoDraw = False
237.6769 	EXP 	responsel: autoDraw = False
237.6769 	EXP 	percu_or: autoDraw = False
237.6769 	EXP 	responser: autoDraw = False
237.6769 	EXP 	responsel: foreColor = 'white'
237.6769 	EXP 	responser: foreColor = 'white'
237.6769 	EXP 	text_pic: autoDraw = True
237.6769 	EXP 	croix_3: autoDraw = True
242.7105 	EXP 	text_pic: autoDraw = False
242.7105 	EXP 	croix_3: autoDraw = False
242.7105 	EXP 	text_pic: autoDraw = False
242.7105 	EXP 	croix_3: autoDraw = False
242.7105 	EXP 	thermode_locali_pic: height = 0.02
242.7105 	EXP 	thermode_locali_pic: height = 0.02
242.7105 	EXP 	thermode_locali_pic: height = 0.02
242.7105 	EXP 	thermode_locali_pic: text = 'T : 1'
242.7105 	EXP 	responsel: text = 'OUI              '
242.7105 	EXP 	thermode_locali_pic: autoDraw = True
250.1772 	EXP 	responsel: autoDraw = True
250.1772 	EXP 	percu_or: autoDraw = True
250.1772 	EXP 	responser: autoDraw = True
251.3984 	DATA 	Keypress: n
251.4273 	EXP 	responser: foreColor = (0, 0, 0)
251.4440 	EXP 	responser: foreColor = (0, 0, 0)
251.4606 	EXP 	responser: foreColor = (0, 0, 0)
251.4772 	EXP 	responser: foreColor = (0, 0, 0)
251.4939 	EXP 	responser: foreColor = (0, 0, 0)
251.5106 	EXP 	responser: foreColor = (0, 0, 0)
251.5272 	EXP 	responser: foreColor = (0, 0, 0)
251.5439 	EXP 	responser: foreColor = (0, 0, 0)
251.5606 	EXP 	responser: foreColor = (0, 0, 0)
251.5772 	EXP 	responser: foreColor = (0, 0, 0)
251.5939 	EXP 	responser: foreColor = (0, 0, 0)
251.6106 	EXP 	responser: foreColor = (0, 0, 0)
251.6272 	EXP 	responser: foreColor = (0, 0, 0)
251.6439 	EXP 	responser: foreColor = (0, 0, 0)
251.6606 	EXP 	responser: foreColor = (0, 0, 0)
251.6772 	EXP 	responser: foreColor = (0, 0, 0)
251.6939 	EXP 	responser: foreColor = (0, 0, 0)
251.7106 	EXP 	responser: foreColor = (0, 0, 0)
251.7272 	EXP 	responser: foreColor = (0, 0, 0)
251.7439 	EXP 	responser: foreColor = (0, 0, 0)
251.7606 	EXP 	responser: foreColor = (0, 0, 0)
251.7772 	EXP 	responser: foreColor = (0, 0, 0)
251.7939 	EXP 	responser: foreColor = (0, 0, 0)
251.8106 	EXP 	responser: foreColor = (0, 0, 0)
251.8273 	EXP 	responser: foreColor = (0, 0, 0)
251.8439 	EXP 	responser: foreColor = (0, 0, 0)
251.8606 	EXP 	responser: foreColor = (0, 0, 0)
251.8773 	EXP 	responser: foreColor = (0, 0, 0)
251.8939 	EXP 	responser: foreColor = (0, 0, 0)
251.9106 	EXP 	responser: foreColor = (0, 0, 0)
251.9273 	EXP 	responser: foreColor = (0, 0, 0)
251.9439 	EXP 	responser: foreColor = (0, 0, 0)
251.9606 	EXP 	responser: foreColor = (0, 0, 0)
251.9773 	EXP 	responser: foreColor = (0, 0, 0)
251.9939 	EXP 	responser: foreColor = (0, 0, 0)
252.0106 	EXP 	responser: foreColor = (0, 0, 0)
252.0273 	EXP 	responser: foreColor = (0, 0, 0)
252.0439 	EXP 	responser: foreColor = (0, 0, 0)
252.0606 	EXP 	responser: foreColor = (0, 0, 0)
252.0773 	EXP 	responser: foreColor = (0, 0, 0)
252.0939 	EXP 	responser: foreColor = (0, 0, 0)
252.1106 	EXP 	responser: foreColor = (0, 0, 0)
252.1273 	EXP 	responser: foreColor = (0, 0, 0)
252.1439 	EXP 	responser: foreColor = (0, 0, 0)
252.1606 	EXP 	responser: foreColor = (0, 0, 0)
252.1773 	EXP 	responser: foreColor = (0, 0, 0)
252.1939 	EXP 	responser: foreColor = (0, 0, 0)
252.2106 	EXP 	responser: foreColor = (0, 0, 0)
252.2273 	EXP 	responser: foreColor = (0, 0, 0)
252.2439 	EXP 	responser: foreColor = (0, 0, 0)
252.2606 	EXP 	responser: foreColor = (0, 0, 0)
252.2773 	EXP 	responser: foreColor = (0, 0, 0)
252.2939 	EXP 	responser: foreColor = (0, 0, 0)
252.3106 	EXP 	responser: foreColor = (0, 0, 0)
252.3273 	EXP 	responser: foreColor = (0, 0, 0)
252.3439 	EXP 	responser: foreColor = (0, 0, 0)
252.3606 	EXP 	responser: foreColor = (0, 0, 0)
252.3773 	EXP 	responser: foreColor = (0, 0, 0)
252.3939 	EXP 	responser: foreColor = (0, 0, 0)
252.4106 	EXP 	responser: foreColor = (0, 0, 0)
252.4272 	EXP 	responser: foreColor = (0, 0, 0)
252.4439 	EXP 	responser: foreColor = (0, 0, 0)
252.4606 	EXP 	responser: foreColor = (0, 0, 0)
252.4773 	EXP 	responser: foreColor = (0, 0, 0)
252.4939 	EXP 	responser: foreColor = (0, 0, 0)
252.5106 	EXP 	responser: foreColor = (0, 0, 0)
252.5273 	EXP 	responser: foreColor = (0, 0, 0)
252.5440 	EXP 	responser: foreColor = (0, 0, 0)
252.5606 	EXP 	responser: foreColor = (0, 0, 0)
252.5773 	EXP 	responser: foreColor = (0, 0, 0)
252.5940 	EXP 	responser: foreColor = (0, 0, 0)
252.6106 	EXP 	responser: foreColor = (0, 0, 0)
252.6273 	EXP 	responser: foreColor = (0, 0, 0)
252.6439 	EXP 	responser: foreColor = (0, 0, 0)
252.6606 	EXP 	responser: foreColor = (0, 0, 0)
252.6773 	EXP 	responser: foreColor = (0, 0, 0)
252.6939 	EXP 	responser: foreColor = (0, 0, 0)
252.7106 	EXP 	responser: foreColor = (0, 0, 0)
252.7273 	EXP 	responser: foreColor = (0, 0, 0)
252.7439 	EXP 	responser: foreColor = (0, 0, 0)
252.7606 	EXP 	responser: foreColor = (0, 0, 0)
252.7773 	EXP 	responser: foreColor = (0, 0, 0)
252.7939 	EXP 	responser: foreColor = (0, 0, 0)
252.8106 	EXP 	responser: foreColor = (0, 0, 0)
252.8273 	EXP 	responser: foreColor = (0, 0, 0)
252.8439 	EXP 	responser: foreColor = (0, 0, 0)
252.8606 	EXP 	responser: foreColor = (0, 0, 0)
252.8773 	EXP 	responser: foreColor = (0, 0, 0)
252.8939 	EXP 	responser: foreColor = (0, 0, 0)
252.9106 	EXP 	responser: foreColor = (0, 0, 0)
252.9106 	EXP 	thermode_locali_pic: autoDraw = False
252.9273 	EXP 	responser: foreColor = (0, 0, 0)
252.9439 	EXP 	responser: foreColor = (0, 0, 0)
252.9606 	EXP 	responser: foreColor = (0, 0, 0)
252.9773 	EXP 	responser: foreColor = (0, 0, 0)
252.9940 	EXP 	responser: foreColor = (0, 0, 0)
253.0106 	EXP 	responser: foreColor = (0, 0, 0)
253.0273 	EXP 	responser: foreColor = (0, 0, 0)
253.0440 	EXP 	responser: foreColor = (0, 0, 0)
253.0606 	EXP 	responser: foreColor = (0, 0, 0)
253.0773 	EXP 	responser: foreColor = (0, 0, 0)
253.0940 	EXP 	responser: foreColor = (0, 0, 0)
253.1106 	EXP 	responser: foreColor = (0, 0, 0)
253.1273 	EXP 	responser: foreColor = (0, 0, 0)
253.1440 	EXP 	responser: foreColor = (0, 0, 0)
253.1606 	EXP 	responser: foreColor = (0, 0, 0)
253.1671 	EXP 	New trial (rep=14, index=0): None
253.1773 	EXP 	responser: foreColor = (0, 0, 0)
253.1773 	EXP 	responsel: autoDraw = False
253.1773 	EXP 	percu_or: autoDraw = False
253.1773 	EXP 	responser: autoDraw = False
253.1773 	EXP 	thermode_locali_pic: autoDraw = False
253.1773 	EXP 	responsel: autoDraw = False
253.1773 	EXP 	percu_or: autoDraw = False
253.1773 	EXP 	responser: autoDraw = False
253.1773 	EXP 	responsel: foreColor = 'white'
253.1773 	EXP 	responser: foreColor = 'white'
253.1773 	EXP 	text_pic: autoDraw = True
253.1773 	EXP 	croix_3: autoDraw = True
258.1941 	EXP 	text_pic: autoDraw = False
258.1941 	EXP 	croix_3: autoDraw = False
258.1941 	EXP 	text_pic: autoDraw = False
258.1941 	EXP 	croix_3: autoDraw = False
258.1941 	EXP 	thermode_locali_pic: height = 0.02
258.1941 	EXP 	thermode_locali_pic: height = 0.02
258.1941 	EXP 	thermode_locali_pic: height = 0.02
258.1941 	EXP 	thermode_locali_pic: text = 'T : 2'
258.1941 	EXP 	responsel: text = 'OUI              '
258.1941 	EXP 	thermode_locali_pic: autoDraw = True
265.6776 	EXP 	responsel: autoDraw = True
265.6776 	EXP 	percu_or: autoDraw = True
265.6776 	EXP 	responser: autoDraw = True
266.7821 	DATA 	Keypress: n
266.8110 	EXP 	responser: foreColor = (0, 0, 0)
266.8276 	EXP 	responser: foreColor = (0, 0, 0)
266.8443 	EXP 	responser: foreColor = (0, 0, 0)
266.8610 	EXP 	responser: foreColor = (0, 0, 0)
266.8776 	EXP 	responser: foreColor = (0, 0, 0)
266.8943 	EXP 	responser: foreColor = (0, 0, 0)
266.9110 	EXP 	responser: foreColor = (0, 0, 0)
266.9276 	EXP 	responser: foreColor = (0, 0, 0)
266.9443 	EXP 	responser: foreColor = (0, 0, 0)
266.9609 	EXP 	responser: foreColor = (0, 0, 0)
266.9776 	EXP 	responser: foreColor = (0, 0, 0)
266.9943 	EXP 	responser: foreColor = (0, 0, 0)
267.0110 	EXP 	responser: foreColor = (0, 0, 0)
267.0276 	EXP 	responser: foreColor = (0, 0, 0)
267.0443 	EXP 	responser: foreColor = (0, 0, 0)
267.0609 	EXP 	responser: foreColor = (0, 0, 0)
267.0776 	EXP 	responser: foreColor = (0, 0, 0)
267.0943 	EXP 	responser: foreColor = (0, 0, 0)
267.1109 	EXP 	responser: foreColor = (0, 0, 0)
267.1276 	EXP 	responser: foreColor = (0, 0, 0)
267.1443 	EXP 	responser: foreColor = (0, 0, 0)
267.1609 	EXP 	responser: foreColor = (0, 0, 0)
267.1778 	EXP 	responser: foreColor = (0, 0, 0)
267.1943 	EXP 	responser: foreColor = (0, 0, 0)
267.2110 	EXP 	responser: foreColor = (0, 0, 0)
267.2276 	EXP 	responser: foreColor = (0, 0, 0)
267.2443 	EXP 	responser: foreColor = (0, 0, 0)
267.2610 	EXP 	responser: foreColor = (0, 0, 0)
267.2776 	EXP 	responser: foreColor = (0, 0, 0)
267.2943 	EXP 	responser: foreColor = (0, 0, 0)
267.3110 	EXP 	responser: foreColor = (0, 0, 0)
267.3276 	EXP 	responser: foreColor = (0, 0, 0)
267.3443 	EXP 	responser: foreColor = (0, 0, 0)
267.3609 	EXP 	responser: foreColor = (0, 0, 0)
267.3776 	EXP 	responser: foreColor = (0, 0, 0)
267.3943 	EXP 	responser: foreColor = (0, 0, 0)
267.4110 	EXP 	responser: foreColor = (0, 0, 0)
267.4276 	EXP 	responser: foreColor = (0, 0, 0)
267.4443 	EXP 	responser: foreColor = (0, 0, 0)
267.4610 	EXP 	responser: foreColor = (0, 0, 0)
267.4776 	EXP 	responser: foreColor = (0, 0, 0)
267.4943 	EXP 	responser: foreColor = (0, 0, 0)
267.5110 	EXP 	responser: foreColor = (0, 0, 0)
267.5276 	EXP 	responser: foreColor = (0, 0, 0)
267.5443 	EXP 	responser: foreColor = (0, 0, 0)
267.5610 	EXP 	responser: foreColor = (0, 0, 0)
267.5776 	EXP 	responser: foreColor = (0, 0, 0)
267.5943 	EXP 	responser: foreColor = (0, 0, 0)
267.6109 	EXP 	responser: foreColor = (0, 0, 0)
267.6276 	EXP 	responser: foreColor = (0, 0, 0)
267.6443 	EXP 	responser: foreColor = (0, 0, 0)
267.6610 	EXP 	responser: foreColor = (0, 0, 0)
267.6776 	EXP 	responser: foreColor = (0, 0, 0)
267.6943 	EXP 	responser: foreColor = (0, 0, 0)
267.7110 	EXP 	responser: foreColor = (0, 0, 0)
267.7276 	EXP 	responser: foreColor = (0, 0, 0)
267.7443 	EXP 	responser: foreColor = (0, 0, 0)
267.7610 	EXP 	responser: foreColor = (0, 0, 0)
267.7776 	EXP 	responser: foreColor = (0, 0, 0)
267.7943 	EXP 	responser: foreColor = (0, 0, 0)
267.8110 	EXP 	responser: foreColor = (0, 0, 0)
267.8276 	EXP 	responser: foreColor = (0, 0, 0)
267.8443 	EXP 	responser: foreColor = (0, 0, 0)
267.8610 	EXP 	responser: foreColor = (0, 0, 0)
267.8776 	EXP 	responser: foreColor = (0, 0, 0)
267.8943 	EXP 	responser: foreColor = (0, 0, 0)
267.9110 	EXP 	responser: foreColor = (0, 0, 0)
267.9276 	EXP 	responser: foreColor = (0, 0, 0)
267.9443 	EXP 	responser: foreColor = (0, 0, 0)
267.9610 	EXP 	responser: foreColor = (0, 0, 0)
267.9776 	EXP 	responser: foreColor = (0, 0, 0)
267.9943 	EXP 	responser: foreColor = (0, 0, 0)
268.0110 	EXP 	responser: foreColor = (0, 0, 0)
268.0277 	EXP 	responser: foreColor = (0, 0, 0)
268.0443 	EXP 	responser: foreColor = (0, 0, 0)
268.0610 	EXP 	responser: foreColor = (0, 0, 0)
268.0776 	EXP 	responser: foreColor = (0, 0, 0)
268.0943 	EXP 	responser: foreColor = (0, 0, 0)
268.1110 	EXP 	responser: foreColor = (0, 0, 0)
268.1276 	EXP 	responser: foreColor = (0, 0, 0)
268.1443 	EXP 	responser: foreColor = (0, 0, 0)
268.1610 	EXP 	responser: foreColor = (0, 0, 0)
268.1777 	EXP 	responser: foreColor = (0, 0, 0)
268.1943 	EXP 	responser: foreColor = (0, 0, 0)
268.2110 	EXP 	responser: foreColor = (0, 0, 0)
268.2276 	EXP 	responser: foreColor = (0, 0, 0)
268.2443 	EXP 	responser: foreColor = (0, 0, 0)
268.2610 	EXP 	responser: foreColor = (0, 0, 0)
268.2776 	EXP 	responser: foreColor = (0, 0, 0)
268.2943 	EXP 	responser: foreColor = (0, 0, 0)
268.3110 	EXP 	responser: foreColor = (0, 0, 0)
268.3277 	EXP 	responser: foreColor = (0, 0, 0)
268.3443 	EXP 	responser: foreColor = (0, 0, 0)
268.3610 	EXP 	responser: foreColor = (0, 0, 0)
268.3777 	EXP 	responser: foreColor = (0, 0, 0)
268.3943 	EXP 	responser: foreColor = (0, 0, 0)
268.3943 	EXP 	thermode_locali_pic: autoDraw = False
268.4110 	EXP 	responser: foreColor = (0, 0, 0)
268.4277 	EXP 	responser: foreColor = (0, 0, 0)
268.4443 	EXP 	responser: foreColor = (0, 0, 0)
268.4610 	EXP 	responser: foreColor = (0, 0, 0)
268.4776 	EXP 	responser: foreColor = (0, 0, 0)
268.4943 	EXP 	responser: foreColor = (0, 0, 0)
268.5111 	EXP 	responser: foreColor = (0, 0, 0)
268.5277 	EXP 	responser: foreColor = (0, 0, 0)
268.5443 	EXP 	responser: foreColor = (0, 0, 0)
268.5610 	EXP 	responser: foreColor = (0, 0, 0)
268.5777 	EXP 	responser: foreColor = (0, 0, 0)
268.5943 	EXP 	responser: foreColor = (0, 0, 0)
268.6110 	EXP 	responser: foreColor = (0, 0, 0)
268.6276 	EXP 	responser: foreColor = (0, 0, 0)
268.6443 	EXP 	responser: foreColor = (0, 0, 0)
268.6610 	EXP 	responser: foreColor = (0, 0, 0)
268.6667 	EXP 	New trial (rep=15, index=0): None
268.6777 	EXP 	responser: foreColor = (0, 0, 0)
268.6777 	EXP 	responsel: autoDraw = False
268.6777 	EXP 	percu_or: autoDraw = False
268.6777 	EXP 	responser: autoDraw = False
268.6777 	EXP 	thermode_locali_pic: autoDraw = False
268.6777 	EXP 	responsel: autoDraw = False
268.6777 	EXP 	percu_or: autoDraw = False
268.6777 	EXP 	responser: autoDraw = False
268.6777 	EXP 	responsel: foreColor = 'white'
268.6777 	EXP 	responser: foreColor = 'white'
268.6777 	EXP 	text_pic: autoDraw = True
268.6777 	EXP 	croix_3: autoDraw = True
273.6944 	EXP 	text_pic: autoDraw = False
273.6944 	EXP 	croix_3: autoDraw = False
273.6944 	EXP 	text_pic: autoDraw = False
273.6944 	EXP 	croix_3: autoDraw = False
273.6944 	EXP 	thermode_locali_pic: height = 0.02
273.6944 	EXP 	thermode_locali_pic: height = 0.02
273.6944 	EXP 	thermode_locali_pic: height = 0.02
273.6944 	EXP 	thermode_locali_pic: text = 'T : 3'
273.6944 	EXP 	responsel: text = 'OUI              '
273.6944 	EXP 	thermode_locali_pic: autoDraw = True
281.1779 	EXP 	responsel: autoDraw = True
281.1779 	EXP 	percu_or: autoDraw = True
281.1779 	EXP 	responser: autoDraw = True
282.4491 	DATA 	Keypress: m
282.4780 	EXP 	responsel: foreColor = (0, 0, 0)
282.4946 	EXP 	responsel: foreColor = (0, 0, 0)
282.5113 	EXP 	responsel: foreColor = (0, 0, 0)
282.5280 	EXP 	responsel: foreColor = (0, 0, 0)
282.5446 	EXP 	responsel: foreColor = (0, 0, 0)
282.5613 	EXP 	responsel: foreColor = (0, 0, 0)
282.5780 	EXP 	responsel: foreColor = (0, 0, 0)
282.5946 	EXP 	responsel: foreColor = (0, 0, 0)
282.6113 	EXP 	responsel: foreColor = (0, 0, 0)
282.6280 	EXP 	responsel: foreColor = (0, 0, 0)
282.6447 	EXP 	responsel: foreColor = (0, 0, 0)
282.6613 	EXP 	responsel: foreColor = (0, 0, 0)
282.6780 	EXP 	responsel: foreColor = (0, 0, 0)
282.6947 	EXP 	responsel: foreColor = (0, 0, 0)
282.7113 	EXP 	responsel: foreColor = (0, 0, 0)
282.7280 	EXP 	responsel: foreColor = (0, 0, 0)
282.7447 	EXP 	responsel: foreColor = (0, 0, 0)
282.7613 	EXP 	responsel: foreColor = (0, 0, 0)
282.7780 	EXP 	responsel: foreColor = (0, 0, 0)
282.7947 	EXP 	responsel: foreColor = (0, 0, 0)
282.8113 	EXP 	responsel: foreColor = (0, 0, 0)
282.8280 	EXP 	responsel: foreColor = (0, 0, 0)
282.8447 	EXP 	responsel: foreColor = (0, 0, 0)
282.8613 	EXP 	responsel: foreColor = (0, 0, 0)
282.8780 	EXP 	responsel: foreColor = (0, 0, 0)
282.8947 	EXP 	responsel: foreColor = (0, 0, 0)
282.9113 	EXP 	responsel: foreColor = (0, 0, 0)
282.9280 	EXP 	responsel: foreColor = (0, 0, 0)
282.9446 	EXP 	responsel: foreColor = (0, 0, 0)
282.9613 	EXP 	responsel: foreColor = (0, 0, 0)
282.9780 	EXP 	responsel: foreColor = (0, 0, 0)
282.9947 	EXP 	responsel: foreColor = (0, 0, 0)
283.0113 	EXP 	responsel: foreColor = (0, 0, 0)
283.0280 	EXP 	responsel: foreColor = (0, 0, 0)
283.0447 	EXP 	responsel: foreColor = (0, 0, 0)
283.0613 	EXP 	responsel: foreColor = (0, 0, 0)
283.0780 	EXP 	responsel: foreColor = (0, 0, 0)
283.0947 	EXP 	responsel: foreColor = (0, 0, 0)
283.1113 	EXP 	responsel: foreColor = (0, 0, 0)
283.1280 	EXP 	responsel: foreColor = (0, 0, 0)
283.1447 	EXP 	responsel: foreColor = (0, 0, 0)
283.1613 	EXP 	responsel: foreColor = (0, 0, 0)
283.1780 	EXP 	responsel: foreColor = (0, 0, 0)
283.1947 	EXP 	responsel: foreColor = (0, 0, 0)
283.2113 	EXP 	responsel: foreColor = (0, 0, 0)
283.2280 	EXP 	responsel: foreColor = (0, 0, 0)
283.2447 	EXP 	responsel: foreColor = (0, 0, 0)
283.2613 	EXP 	responsel: foreColor = (0, 0, 0)
283.2780 	EXP 	responsel: foreColor = (0, 0, 0)
283.2947 	EXP 	responsel: foreColor = (0, 0, 0)
283.3113 	EXP 	responsel: foreColor = (0, 0, 0)
283.3280 	EXP 	responsel: foreColor = (0, 0, 0)
283.3447 	EXP 	responsel: foreColor = (0, 0, 0)
283.3613 	EXP 	responsel: foreColor = (0, 0, 0)
283.3780 	EXP 	responsel: foreColor = (0, 0, 0)
283.3947 	EXP 	responsel: foreColor = (0, 0, 0)
283.4113 	EXP 	responsel: foreColor = (0, 0, 0)
283.4280 	EXP 	responsel: foreColor = (0, 0, 0)
283.4447 	EXP 	responsel: foreColor = (0, 0, 0)
283.4613 	EXP 	responsel: foreColor = (0, 0, 0)
283.4780 	EXP 	responsel: foreColor = (0, 0, 0)
283.4947 	EXP 	responsel: foreColor = (0, 0, 0)
283.5113 	EXP 	responsel: foreColor = (0, 0, 0)
283.5280 	EXP 	responsel: foreColor = (0, 0, 0)
283.5447 	EXP 	responsel: foreColor = (0, 0, 0)
283.5614 	EXP 	responsel: foreColor = (0, 0, 0)
283.5780 	EXP 	responsel: foreColor = (0, 0, 0)
283.5946 	EXP 	responsel: foreColor = (0, 0, 0)
283.6114 	EXP 	responsel: foreColor = (0, 0, 0)
283.6280 	EXP 	responsel: foreColor = (0, 0, 0)
283.6447 	EXP 	responsel: foreColor = (0, 0, 0)
283.6613 	EXP 	responsel: foreColor = (0, 0, 0)
283.6780 	EXP 	responsel: foreColor = (0, 0, 0)
283.6946 	EXP 	responsel: foreColor = (0, 0, 0)
283.7113 	EXP 	responsel: foreColor = (0, 0, 0)
283.7280 	EXP 	responsel: foreColor = (0, 0, 0)
283.7447 	EXP 	responsel: foreColor = (0, 0, 0)
283.7614 	EXP 	responsel: foreColor = (0, 0, 0)
283.7780 	EXP 	responsel: foreColor = (0, 0, 0)
283.7947 	EXP 	responsel: foreColor = (0, 0, 0)
283.8113 	EXP 	responsel: foreColor = (0, 0, 0)
283.8280 	EXP 	responsel: foreColor = (0, 0, 0)
283.8447 	EXP 	responsel: foreColor = (0, 0, 0)
283.8613 	EXP 	responsel: foreColor = (0, 0, 0)
283.8780 	EXP 	responsel: foreColor = (0, 0, 0)
283.8947 	EXP 	responsel: foreColor = (0, 0, 0)
283.8947 	EXP 	thermode_locali_pic: autoDraw = False
283.9113 	EXP 	responsel: foreColor = (0, 0, 0)
283.9280 	EXP 	responsel: foreColor = (0, 0, 0)
283.9447 	EXP 	responsel: foreColor = (0, 0, 0)
283.9613 	EXP 	responsel: foreColor = (0, 0, 0)
283.9780 	EXP 	responsel: foreColor = (0, 0, 0)
283.9947 	EXP 	responsel: foreColor = (0, 0, 0)
284.0113 	EXP 	responsel: foreColor = (0, 0, 0)
284.0281 	EXP 	responsel: foreColor = (0, 0, 0)
284.0447 	EXP 	responsel: foreColor = (0, 0, 0)
284.0613 	EXP 	responsel: foreColor = (0, 0, 0)
284.0780 	EXP 	responsel: foreColor = (0, 0, 0)
284.0947 	EXP 	responsel: foreColor = (0, 0, 0)
284.1113 	EXP 	responsel: foreColor = (0, 0, 0)
284.1280 	EXP 	responsel: foreColor = (0, 0, 0)
284.1447 	EXP 	responsel: foreColor = (0, 0, 0)
284.1613 	EXP 	responsel: foreColor = (0, 0, 0)
284.1780 	EXP 	responsel: foreColor = (0, 0, 0)
284.1780 	EXP 	responsel: autoDraw = False
284.1780 	EXP 	percu_or: autoDraw = False
284.1780 	EXP 	responser: autoDraw = False
284.1780 	EXP 	thermode_locali_pic: autoDraw = False
284.1780 	EXP 	responsel: autoDraw = False
284.1780 	EXP 	percu_or: autoDraw = False
284.1780 	EXP 	responser: autoDraw = False
284.1780 	EXP 	responsel: foreColor = 'white'
284.1780 	EXP 	responser: foreColor = 'white'
284.1780 	EXP 	text: autoDraw = True
290.1782 	EXP 	text: autoDraw = False
290.1782 	EXP 	text: autoDraw = False
290.1782 	EXP 	2024_RDpaindiscrimination_QUEST: status = STOPPED
290.4295 	EXP 	window1: mouseVisible = True
